['./datasets/DatasetURIs.csv']

-------------------- API --------------------

Number of providers = 1
Number of services = 1
Number of resources = 18
Number of controllers = 3
Number of queries = 0
Number of methods = 30
 - 3 PUT (10.00%)
 - 8 POST (26.67%)
 - 6 DELETE (20.00%)
 - 13 GET (43.33%)

-------------------- LEXICON --------------------

********************************************************************************
********************************************************************************
********************************************************************************
******************************     0 terms are common to 0 of 1 providers      ******************************
******************************     14 terms are common to 1 of 1 providers      ******************************

Number of terms = 14
Number of nouns = 11 (78.57%)
Number of verbs = 3 (21.43%)
Number of singular terms = 2 (14.29%)
Number of plural terms = 12 (85.71%)
Number of lower case terms = 14 (100.00%)
Number of upper case terms = 0 (0.00%)
Number of camel case terms = 0 (0.00%)
Number of hyphen terms = 1 (7.14%)
Number of underscore terms = 0 (0.00%)
Number of business terms = 14 (100.00%)
Number of engineering terms = 0 (0.00%)


-------------------- QUALITY --------------------

Heroku is CRUD :-) because few controllers (3)
scoreRest = 0.9
Heroku: GOOD API naming or API Naming Uniformity Pattern
scoreNaming = 1.0
Heroku: GOOD business API design or Business-Oriented API Naming Pattern 14 (100.00%)
scoreBusiness = 1.0
Total score = 0.966666666667
