--------------------------------------------------------------------------------
Read-Only Pattern - 0 detected:

--------------------------------------------------------------------------------
Resource Pattern - 0 detected:

--------------------------------------------------------------------------------
Singleton Resource Pattern - 1 detected:
 * https://cloudstack.provider.com:[port]/client/api

--------------------------------------------------------------------------------
SubResource Pattern - 0 detected:

--------------------------------------------------------------------------------
Collection Pattern - 0 detected:

--------------------------------------------------------------------------------
Controller Pattern - 555 detected:
 * https://cloudstack.provider.com:[port]/client/apiapi?command=activateProject&amp;[parameters of this command]
 * https://cloudstack.provider.com:[port]/client/apiapi?command=addAccountToProject&amp;[parameters of this command]
 * https://cloudstack.provider.com:[port]/client/apiapi?command=addBaremetalDhcp&amp;[parameters of this command]
 * https://cloudstack.provider.com:[port]/client/apiapi?command=addBaremetalHost&amp;[parameters of this command]
 * https://cloudstack.provider.com:[port]/client/apiapi?command=addBaremetalPxeKickStartServer&amp;[parameters of this command]
 * https://cloudstack.provider.com:[port]/client/apiapi?command=addBaremetalPxePingServer&amp;[parameters of this command]
 * https://cloudstack.provider.com:[port]/client/apiapi?command=addBaremetalRct&amp;[parameters of this command]
 * https://cloudstack.provider.com:[port]/client/apiapi?command=addBigSwitchBcfDevice&amp;[parameters of this command]
 * https://cloudstack.provider.com:[port]/client/apiapi?command=addBrocadeVcsDevice&amp;[parameters of this command]
 * https://cloudstack.provider.com:[port]/client/apiapi?command=addCiscoAsa1000vResource&amp;[parameters of this command]
 * https://cloudstack.provider.com:[port]/client/apiapi?command=addCiscoVnmcResource&amp;[parameters of this command]
 * https://cloudstack.provider.com:[port]/client/apiapi?command=addCluster&amp;[parameters of this command]
 * https://cloudstack.provider.com:[port]/client/apiapi?command=addExternalFirewall&amp;[parameters of this command]
 * https://cloudstack.provider.com:[port]/client/apiapi?command=addExternalLoadBalancer&amp;[parameters of this command]
 * https://cloudstack.provider.com:[port]/client/apiapi?command=addF5LoadBalancer&amp;[parameters of this command]
 * https://cloudstack.provider.com:[port]/client/apiapi?command=addGloboDnsHost&amp;[parameters of this command]
 * https://cloudstack.provider.com:[port]/client/apiapi?command=addGuestOs&amp;[parameters of this command]
 * https://cloudstack.provider.com:[port]/client/apiapi?command=addGuestOsMapping&amp;[parameters of this command]
 * https://cloudstack.provider.com:[port]/client/apiapi?command=addHost&amp;[parameters of this command]
 * https://cloudstack.provider.com:[port]/client/apiapi?command=addImageStore&amp;[parameters of this command]
 * https://cloudstack.provider.com:[port]/client/apiapi?command=addImageStoreS3&amp;[parameters of this command]
 * https://cloudstack.provider.com:[port]/client/apiapi?command=addIpToNic&amp;[parameters of this command]
 * https://cloudstack.provider.com:[port]/client/apiapi?command=addLdapConfiguration&amp;[parameters of this command]
 * https://cloudstack.provider.com:[port]/client/apiapi?command=addNetscalerLoadBalancer&amp;[parameters of this command]
 * https://cloudstack.provider.com:[port]/client/apiapi?command=addNetworkDevice&amp;[parameters of this command]
 * https://cloudstack.provider.com:[port]/client/apiapi?command=addNetworkServiceProvider&amp;[parameters of this command]
 * https://cloudstack.provider.com:[port]/client/apiapi?command=addNicToVirtualMachine&amp;[parameters of this command]
 * https://cloudstack.provider.com:[port]/client/apiapi?command=addNiciraNvpDevice&amp;[parameters of this command]
 * https://cloudstack.provider.com:[port]/client/apiapi?command=addNuageVspDevice&amp;[parameters of this command]
 * https://cloudstack.provider.com:[port]/client/apiapi?command=addOpenDaylightController&amp;[parameters of this command]
 * https://cloudstack.provider.com:[port]/client/apiapi?command=addPaloAltoFirewall&amp;[parameters of this command]
 * https://cloudstack.provider.com:[port]/client/apiapi?command=addRegion&amp;[parameters of this command]
 * https://cloudstack.provider.com:[port]/client/apiapi?command=addResourceDetail&amp;[parameters of this command]
 * https://cloudstack.provider.com:[port]/client/apiapi?command=addSecondaryStorage&amp;[parameters of this command]
 * https://cloudstack.provider.com:[port]/client/apiapi?command=addSrxFirewall&amp;[parameters of this command]
 * https://cloudstack.provider.com:[port]/client/apiapi?command=addStratosphereSsp&amp;[parameters of this command]
 * https://cloudstack.provider.com:[port]/client/apiapi?command=addSwift&amp;[parameters of this command]
 * https://cloudstack.provider.com:[port]/client/apiapi?command=addTrafficMonitor&amp;[parameters of this command]
 * https://cloudstack.provider.com:[port]/client/apiapi?command=addTrafficType&amp;[parameters of this command]
 * https://cloudstack.provider.com:[port]/client/apiapi?command=addUcsManager&amp;[parameters of this command]
 * https://cloudstack.provider.com:[port]/client/apiapi?command=addVmwareDc&amp;[parameters of this command]
 * https://cloudstack.provider.com:[port]/client/apiapi?command=addVpnUser&amp;[parameters of this command]
 * https://cloudstack.provider.com:[port]/client/apiapi?command=archiveAlerts&amp;[parameters of this command]
 * https://cloudstack.provider.com:[port]/client/apiapi?command=archiveEvents&amp;[parameters of this command]
 * https://cloudstack.provider.com:[port]/client/apiapi?command=assignCertToLoadBalancer&amp;[parameters of this command]
 * https://cloudstack.provider.com:[port]/client/apiapi?command=assignToGlobalLoadBalancerRule&amp;[parameters of this command]
 * https://cloudstack.provider.com:[port]/client/apiapi?command=assignToLoadBalancerRule&amp;[parameters of this command]
 * https://cloudstack.provider.com:[port]/client/apiapi?command=assignVirtualMachine&amp;[parameters of this command]
 * https://cloudstack.provider.com:[port]/client/apiapi?command=associateIpAddress&amp;[parameters of this command]
 * https://cloudstack.provider.com:[port]/client/apiapi?command=associateLun&amp;[parameters of this command]
 * https://cloudstack.provider.com:[port]/client/apiapi?command=associateUcsProfileToBlade&amp;[parameters of this command]
 * https://cloudstack.provider.com:[port]/client/apiapi?command=attachIso&amp;[parameters of this command]
 * https://cloudstack.provider.com:[port]/client/apiapi?command=attachVolume&amp;[parameters of this command]
 * https://cloudstack.provider.com:[port]/client/apiapi?command=authorizeSamlSso&amp;[parameters of this command]
 * https://cloudstack.provider.com:[port]/client/apiapi?command=authorizeSecurityGroupEgress&amp;[parameters of this command]
 * https://cloudstack.provider.com:[port]/client/apiapi?command=authorizeSecurityGroupIngress&amp;[parameters of this command]
 * https://cloudstack.provider.com:[port]/client/apiapi?command=cancelHostMaintenance&amp;[parameters of this command]
 * https://cloudstack.provider.com:[port]/client/apiapi?command=cancelStorageMaintenance&amp;[parameters of this command]
 * https://cloudstack.provider.com:[port]/client/apiapi?command=changeOutOfBandManagementPassword&amp;[parameters of this command]
 * https://cloudstack.provider.com:[port]/client/apiapi?command=changeServiceForRouter&amp;[parameters of this command]
 * https://cloudstack.provider.com:[port]/client/apiapi?command=changeServiceForSystemVm&amp;[parameters of this command]
 * https://cloudstack.provider.com:[port]/client/apiapi?command=changeServiceForVirtualMachine&amp;[parameters of this command]
 * https://cloudstack.provider.com:[port]/client/apiapi?command=cleanVMReservations&amp;[parameters of this command]
 * https://cloudstack.provider.com:[port]/client/apiapi?command=configureF5LoadBalancer&amp;[parameters of this command]
 * https://cloudstack.provider.com:[port]/client/apiapi?command=configureInternalLoadBalancerElement&amp;[parameters of this command]
 * https://cloudstack.provider.com:[port]/client/apiapi?command=configureNetscalerLoadBalancer&amp;[parameters of this command]
 * https://cloudstack.provider.com:[port]/client/apiapi?command=configureOutOfBandManagement&amp;[parameters of this command]
 * https://cloudstack.provider.com:[port]/client/apiapi?command=configureOvsElement&amp;[parameters of this command]
 * https://cloudstack.provider.com:[port]/client/apiapi?command=configurePaloAltoFirewall&amp;[parameters of this command]
 * https://cloudstack.provider.com:[port]/client/apiapi?command=configureSrxFirewall&amp;[parameters of this command]
 * https://cloudstack.provider.com:[port]/client/apiapi?command=configureVirtualRouterElement&amp;[parameters of this command]
 * https://cloudstack.provider.com:[port]/client/apiapi?command=copyIso&amp;[parameters of this command]
 * https://cloudstack.provider.com:[port]/client/apiapi?command=copyTemplate&amp;[parameters of this command]
 * https://cloudstack.provider.com:[port]/client/apiapi?command=createAccount&amp;[parameters of this command]
 * https://cloudstack.provider.com:[port]/client/apiapi?command=createAffinityGroup&amp;[parameters of this command]
 * https://cloudstack.provider.com:[port]/client/apiapi?command=createAutoScalePolicy&amp;[parameters of this command]
 * https://cloudstack.provider.com:[port]/client/apiapi?command=createAutoScaleVmGroup&amp;[parameters of this command]
 * https://cloudstack.provider.com:[port]/client/apiapi?command=createAutoScaleVmProfile&amp;[parameters of this command]
 * https://cloudstack.provider.com:[port]/client/apiapi?command=createCondition&amp;[parameters of this command]
 * https://cloudstack.provider.com:[port]/client/apiapi?command=createCounter&amp;[parameters of this command]
 * https://cloudstack.provider.com:[port]/client/apiapi?command=createDiskOffering&amp;[parameters of this command]
 * https://cloudstack.provider.com:[port]/client/apiapi?command=createDomain&amp;[parameters of this command]
 * https://cloudstack.provider.com:[port]/client/apiapi?command=createEgressFirewallRule&amp;[parameters of this command]
 * https://cloudstack.provider.com:[port]/client/apiapi?command=createFirewallRule&amp;[parameters of this command]
 * https://cloudstack.provider.com:[port]/client/apiapi?command=createGlobalLoadBalancerRule&amp;[parameters of this command]
 * https://cloudstack.provider.com:[port]/client/apiapi?command=createInstanceGroup&amp;[parameters of this command]
 * https://cloudstack.provider.com:[port]/client/apiapi?command=createInternalLoadBalancerElement&amp;[parameters of this command]
 * https://cloudstack.provider.com:[port]/client/apiapi?command=createIpForwardingRule&amp;[parameters of this command]
 * https://cloudstack.provider.com:[port]/client/apiapi?command=createLBHealthCheckPolicy&amp;[parameters of this command]
 * https://cloudstack.provider.com:[port]/client/apiapi?command=createLBStickinessPolicy&amp;[parameters of this command]
 * https://cloudstack.provider.com:[port]/client/apiapi?command=createLoadBalancer&amp;[parameters of this command]
 * https://cloudstack.provider.com:[port]/client/apiapi?command=createLoadBalancerRule&amp;[parameters of this command]
 * https://cloudstack.provider.com:[port]/client/apiapi?command=createLunOnFiler&amp;[parameters of this command]
 * https://cloudstack.provider.com:[port]/client/apiapi?command=createNetwork&amp;[parameters of this command]
 * https://cloudstack.provider.com:[port]/client/apiapi?command=createNetworkACL&amp;[parameters of this command]
 * https://cloudstack.provider.com:[port]/client/apiapi?command=createNetworkACLList&amp;[parameters of this command]
 * https://cloudstack.provider.com:[port]/client/apiapi?command=createNetworkOffering&amp;[parameters of this command]
 * https://cloudstack.provider.com:[port]/client/apiapi?command=createPhysicalNetwork&amp;[parameters of this command]
 * https://cloudstack.provider.com:[port]/client/apiapi?command=createPod&amp;[parameters of this command]
 * https://cloudstack.provider.com:[port]/client/apiapi?command=createPool&amp;[parameters of this command]
 * https://cloudstack.provider.com:[port]/client/apiapi?command=createPortForwardingRule&amp;[parameters of this command]
 * https://cloudstack.provider.com:[port]/client/apiapi?command=createPortableIpRange&amp;[parameters of this command]
 * https://cloudstack.provider.com:[port]/client/apiapi?command=createPrivateGateway&amp;[parameters of this command]
 * https://cloudstack.provider.com:[port]/client/apiapi?command=createProject&amp;[parameters of this command]
 * https://cloudstack.provider.com:[port]/client/apiapi?command=createRemoteAccessVpn&amp;[parameters of this command]
 * https://cloudstack.provider.com:[port]/client/apiapi?command=createRole&amp;[parameters of this command]
 * https://cloudstack.provider.com:[port]/client/apiapi?command=createRolePermission&amp;[parameters of this command]
 * https://cloudstack.provider.com:[port]/client/apiapi?command=createSSHKeyPair&amp;[parameters of this command]
 * https://cloudstack.provider.com:[port]/client/apiapi?command=createSecondaryStagingStore&amp;[parameters of this command]
 * https://cloudstack.provider.com:[port]/client/apiapi?command=createSecurityGroup&amp;[parameters of this command]
 * https://cloudstack.provider.com:[port]/client/apiapi?command=createServiceInstance&amp;[parameters of this command]
 * https://cloudstack.provider.com:[port]/client/apiapi?command=createServiceOffering&amp;[parameters of this command]
 * https://cloudstack.provider.com:[port]/client/apiapi?command=createSnapshot&amp;[parameters of this command]
 * https://cloudstack.provider.com:[port]/client/apiapi?command=createSnapshotPolicy&amp;[parameters of this command]
 * https://cloudstack.provider.com:[port]/client/apiapi?command=createStaticRoute&amp;[parameters of this command]
 * https://cloudstack.provider.com:[port]/client/apiapi?command=createStorageNetworkIpRange&amp;[parameters of this command]
 * https://cloudstack.provider.com:[port]/client/apiapi?command=createStoragePool&amp;[parameters of this command]
 * https://cloudstack.provider.com:[port]/client/apiapi?command=createTags&amp;[parameters of this command]
 * https://cloudstack.provider.com:[port]/client/apiapi?command=createTemplate&amp;[parameters of this command]
 * https://cloudstack.provider.com:[port]/client/apiapi?command=createUser&amp;[parameters of this command]
 * https://cloudstack.provider.com:[port]/client/apiapi?command=createVMSnapshot&amp;[parameters of this command]
 * https://cloudstack.provider.com:[port]/client/apiapi?command=createVPC&amp;[parameters of this command]
 * https://cloudstack.provider.com:[port]/client/apiapi?command=createVPCOffering&amp;[parameters of this command]
 * https://cloudstack.provider.com:[port]/client/apiapi?command=createVirtualRouterElement&amp;[parameters of this command]
 * https://cloudstack.provider.com:[port]/client/apiapi?command=createVlanIpRange&amp;[parameters of this command]
 * https://cloudstack.provider.com:[port]/client/apiapi?command=createVolume&amp;[parameters of this command]
 * https://cloudstack.provider.com:[port]/client/apiapi?command=createVolumeOnFiler&amp;[parameters of this command]
 * https://cloudstack.provider.com:[port]/client/apiapi?command=createVpnConnection&amp;[parameters of this command]
 * https://cloudstack.provider.com:[port]/client/apiapi?command=createVpnCustomerGateway&amp;[parameters of this command]
 * https://cloudstack.provider.com:[port]/client/apiapi?command=createVpnGateway&amp;[parameters of this command]
 * https://cloudstack.provider.com:[port]/client/apiapi?command=createZone&amp;[parameters of this command]
 * https://cloudstack.provider.com:[port]/client/apiapi?command=dedicateCluster&amp;[parameters of this command]
 * https://cloudstack.provider.com:[port]/client/apiapi?command=dedicateGuestVlanRange&amp;[parameters of this command]
 * https://cloudstack.provider.com:[port]/client/apiapi?command=dedicateHost&amp;[parameters of this command]
 * https://cloudstack.provider.com:[port]/client/apiapi?command=dedicatePod&amp;[parameters of this command]
 * https://cloudstack.provider.com:[port]/client/apiapi?command=dedicatePublicIpRange&amp;[parameters of this command]
 * https://cloudstack.provider.com:[port]/client/apiapi?command=dedicateZone&amp;[parameters of this command]
 * https://cloudstack.provider.com:[port]/client/apiapi?command=deleteAccount&amp;[parameters of this command]
 * https://cloudstack.provider.com:[port]/client/apiapi?command=deleteAccountFromProject&amp;[parameters of this command]
 * https://cloudstack.provider.com:[port]/client/apiapi?command=deleteAffinityGroup&amp;[parameters of this command]
 * https://cloudstack.provider.com:[port]/client/apiapi?command=deleteAlerts&amp;[parameters of this command]
 * https://cloudstack.provider.com:[port]/client/apiapi?command=deleteAutoScalePolicy&amp;[parameters of this command]
 * https://cloudstack.provider.com:[port]/client/apiapi?command=deleteAutoScaleVmGroup&amp;[parameters of this command]
 * https://cloudstack.provider.com:[port]/client/apiapi?command=deleteAutoScaleVmProfile&amp;[parameters of this command]
 * https://cloudstack.provider.com:[port]/client/apiapi?command=deleteBaremetalRct&amp;[parameters of this command]
 * https://cloudstack.provider.com:[port]/client/apiapi?command=deleteBigSwitchBcfDevice&amp;[parameters of this command]
 * https://cloudstack.provider.com:[port]/client/apiapi?command=deleteBrocadeVcsDevice&amp;[parameters of this command]
 * https://cloudstack.provider.com:[port]/client/apiapi?command=deleteCiscoAsa1000vResource&amp;[parameters of this command]
 * https://cloudstack.provider.com:[port]/client/apiapi?command=deleteCiscoNexusVSM&amp;[parameters of this command]
 * https://cloudstack.provider.com:[port]/client/apiapi?command=deleteCiscoVnmcResource&amp;[parameters of this command]
 * https://cloudstack.provider.com:[port]/client/apiapi?command=deleteCluster&amp;[parameters of this command]
 * https://cloudstack.provider.com:[port]/client/apiapi?command=deleteCondition&amp;[parameters of this command]
 * https://cloudstack.provider.com:[port]/client/apiapi?command=deleteCounter&amp;[parameters of this command]
 * https://cloudstack.provider.com:[port]/client/apiapi?command=deleteDiskOffering&amp;[parameters of this command]
 * https://cloudstack.provider.com:[port]/client/apiapi?command=deleteDomain&amp;[parameters of this command]
 * https://cloudstack.provider.com:[port]/client/apiapi?command=deleteEgressFirewallRule&amp;[parameters of this command]
 * https://cloudstack.provider.com:[port]/client/apiapi?command=deleteEvents&amp;[parameters of this command]
 * https://cloudstack.provider.com:[port]/client/apiapi?command=deleteExternalFirewall&amp;[parameters of this command]
 * https://cloudstack.provider.com:[port]/client/apiapi?command=deleteExternalLoadBalancer&amp;[parameters of this command]
 * https://cloudstack.provider.com:[port]/client/apiapi?command=deleteF5LoadBalancer&amp;[parameters of this command]
 * https://cloudstack.provider.com:[port]/client/apiapi?command=deleteFirewallRule&amp;[parameters of this command]
 * https://cloudstack.provider.com:[port]/client/apiapi?command=deleteGlobalLoadBalancerRule&amp;[parameters of this command]
 * https://cloudstack.provider.com:[port]/client/apiapi?command=deleteHost&amp;[parameters of this command]
 * https://cloudstack.provider.com:[port]/client/apiapi?command=deleteImageStore&amp;[parameters of this command]
 * https://cloudstack.provider.com:[port]/client/apiapi?command=deleteInstanceGroup&amp;[parameters of this command]
 * https://cloudstack.provider.com:[port]/client/apiapi?command=deleteIpForwardingRule&amp;[parameters of this command]
 * https://cloudstack.provider.com:[port]/client/apiapi?command=deleteIso&amp;[parameters of this command]
 * https://cloudstack.provider.com:[port]/client/apiapi?command=deleteLBHealthCheckPolicy&amp;[parameters of this command]
 * https://cloudstack.provider.com:[port]/client/apiapi?command=deleteLBStickinessPolicy&amp;[parameters of this command]
 * https://cloudstack.provider.com:[port]/client/apiapi?command=deleteLdapConfiguration&amp;[parameters of this command]
 * https://cloudstack.provider.com:[port]/client/apiapi?command=deleteLoadBalancer&amp;[parameters of this command]
 * https://cloudstack.provider.com:[port]/client/apiapi?command=deleteLoadBalancerRule&amp;[parameters of this command]
 * https://cloudstack.provider.com:[port]/client/apiapi?command=deleteNetscalerLoadBalancer&amp;[parameters of this command]
 * https://cloudstack.provider.com:[port]/client/apiapi?command=deleteNetwork&amp;[parameters of this command]
 * https://cloudstack.provider.com:[port]/client/apiapi?command=deleteNetworkACL&amp;[parameters of this command]
 * https://cloudstack.provider.com:[port]/client/apiapi?command=deleteNetworkACLList&amp;[parameters of this command]
 * https://cloudstack.provider.com:[port]/client/apiapi?command=deleteNetworkDevice&amp;[parameters of this command]
 * https://cloudstack.provider.com:[port]/client/apiapi?command=deleteNetworkOffering&amp;[parameters of this command]
 * https://cloudstack.provider.com:[port]/client/apiapi?command=deleteNetworkServiceProvider&amp;[parameters of this command]
 * https://cloudstack.provider.com:[port]/client/apiapi?command=deleteNiciraNvpDevice&amp;[parameters of this command]
 * https://cloudstack.provider.com:[port]/client/apiapi?command=deleteNuageVspDevice&amp;[parameters of this command]
 * https://cloudstack.provider.com:[port]/client/apiapi?command=deleteOpenDaylightController&amp;[parameters of this command]
 * https://cloudstack.provider.com:[port]/client/apiapi?command=deletePaloAltoFirewall&amp;[parameters of this command]
 * https://cloudstack.provider.com:[port]/client/apiapi?command=deletePhysicalNetwork&amp;[parameters of this command]
 * https://cloudstack.provider.com:[port]/client/apiapi?command=deletePod&amp;[parameters of this command]
 * https://cloudstack.provider.com:[port]/client/apiapi?command=deletePool&amp;[parameters of this command]
 * https://cloudstack.provider.com:[port]/client/apiapi?command=deletePortForwardingRule&amp;[parameters of this command]
 * https://cloudstack.provider.com:[port]/client/apiapi?command=deletePortableIpRange&amp;[parameters of this command]
 * https://cloudstack.provider.com:[port]/client/apiapi?command=deletePrivateGateway&amp;[parameters of this command]
 * https://cloudstack.provider.com:[port]/client/apiapi?command=deleteProject&amp;[parameters of this command]
 * https://cloudstack.provider.com:[port]/client/apiapi?command=deleteProjectInvitation&amp;[parameters of this command]
 * https://cloudstack.provider.com:[port]/client/apiapi?command=deleteRemoteAccessVpn&amp;[parameters of this command]
 * https://cloudstack.provider.com:[port]/client/apiapi?command=deleteRole&amp;[parameters of this command]
 * https://cloudstack.provider.com:[port]/client/apiapi?command=deleteRolePermission&amp;[parameters of this command]
 * https://cloudstack.provider.com:[port]/client/apiapi?command=deleteSSHKeyPair&amp;[parameters of this command]
 * https://cloudstack.provider.com:[port]/client/apiapi?command=deleteSecondaryStagingStore&amp;[parameters of this command]
 * https://cloudstack.provider.com:[port]/client/apiapi?command=deleteSecurityGroup&amp;[parameters of this command]
 * https://cloudstack.provider.com:[port]/client/apiapi?command=deleteServiceOffering&amp;[parameters of this command]
 * https://cloudstack.provider.com:[port]/client/apiapi?command=deleteSnapshot&amp;[parameters of this command]
 * https://cloudstack.provider.com:[port]/client/apiapi?command=deleteSnapshotPolicies&amp;[parameters of this command]
 * https://cloudstack.provider.com:[port]/client/apiapi?command=deleteSrxFirewall&amp;[parameters of this command]
 * https://cloudstack.provider.com:[port]/client/apiapi?command=deleteSslCert&amp;[parameters of this command]
 * https://cloudstack.provider.com:[port]/client/apiapi?command=deleteStaticRoute&amp;[parameters of this command]
 * https://cloudstack.provider.com:[port]/client/apiapi?command=deleteStorageNetworkIpRange&amp;[parameters of this command]
 * https://cloudstack.provider.com:[port]/client/apiapi?command=deleteStoragePool&amp;[parameters of this command]
 * https://cloudstack.provider.com:[port]/client/apiapi?command=deleteStratosphereSsp&amp;[parameters of this command]
 * https://cloudstack.provider.com:[port]/client/apiapi?command=deleteTags&amp;[parameters of this command]
 * https://cloudstack.provider.com:[port]/client/apiapi?command=deleteTemplate&amp;[parameters of this command]
 * https://cloudstack.provider.com:[port]/client/apiapi?command=deleteTrafficMonitor&amp;[parameters of this command]
 * https://cloudstack.provider.com:[port]/client/apiapi?command=deleteTrafficType&amp;[parameters of this command]
 * https://cloudstack.provider.com:[port]/client/apiapi?command=deleteUcsManager&amp;[parameters of this command]
 * https://cloudstack.provider.com:[port]/client/apiapi?command=deleteUser&amp;[parameters of this command]
 * https://cloudstack.provider.com:[port]/client/apiapi?command=deleteVMSnapshot&amp;[parameters of this command]
 * https://cloudstack.provider.com:[port]/client/apiapi?command=deleteVPC&amp;[parameters of this command]
 * https://cloudstack.provider.com:[port]/client/apiapi?command=deleteVPCOffering&amp;[parameters of this command]
 * https://cloudstack.provider.com:[port]/client/apiapi?command=deleteVlanIpRange&amp;[parameters of this command]
 * https://cloudstack.provider.com:[port]/client/apiapi?command=deleteVolume&amp;[parameters of this command]
 * https://cloudstack.provider.com:[port]/client/apiapi?command=deleteVpnConnection&amp;[parameters of this command]
 * https://cloudstack.provider.com:[port]/client/apiapi?command=deleteVpnCustomerGateway&amp;[parameters of this command]
 * https://cloudstack.provider.com:[port]/client/apiapi?command=deleteVpnGateway&amp;[parameters of this command]
 * https://cloudstack.provider.com:[port]/client/apiapi?command=deleteZone&amp;[parameters of this command]
 * https://cloudstack.provider.com:[port]/client/apiapi?command=deployVirtualMachine&amp;[parameters of this command]
 * https://cloudstack.provider.com:[port]/client/apiapi?command=destroyLunOnFiler&amp;[parameters of this command]
 * https://cloudstack.provider.com:[port]/client/apiapi?command=destroyRouter&amp;[parameters of this command]
 * https://cloudstack.provider.com:[port]/client/apiapi?command=destroySystemVm&amp;[parameters of this command]
 * https://cloudstack.provider.com:[port]/client/apiapi?command=destroyVirtualMachine&amp;[parameters of this command]
 * https://cloudstack.provider.com:[port]/client/apiapi?command=destroyVolumeOnFiler&amp;[parameters of this command]
 * https://cloudstack.provider.com:[port]/client/apiapi?command=detachIso&amp;[parameters of this command]
 * https://cloudstack.provider.com:[port]/client/apiapi?command=detachVolume&amp;[parameters of this command]
 * https://cloudstack.provider.com:[port]/client/apiapi?command=disableAccount&amp;[parameters of this command]
 * https://cloudstack.provider.com:[port]/client/apiapi?command=disableAutoScaleVmGroup&amp;[parameters of this command]
 * https://cloudstack.provider.com:[port]/client/apiapi?command=disableCiscoNexusVSM&amp;[parameters of this command]
 * https://cloudstack.provider.com:[port]/client/apiapi?command=disableOutOfBandManagementForCluster&amp;[parameters of this command]
 * https://cloudstack.provider.com:[port]/client/apiapi?command=disableOutOfBandManagementForHost&amp;[parameters of this command]
 * https://cloudstack.provider.com:[port]/client/apiapi?command=disableOutOfBandManagementForZone&amp;[parameters of this command]
 * https://cloudstack.provider.com:[port]/client/apiapi?command=disableStaticNat&amp;[parameters of this command]
 * https://cloudstack.provider.com:[port]/client/apiapi?command=disableUser&amp;[parameters of this command]
 * https://cloudstack.provider.com:[port]/client/apiapi?command=disassociateIpAddress&amp;[parameters of this command]
 * https://cloudstack.provider.com:[port]/client/apiapi?command=dissociateLun&amp;[parameters of this command]
 * https://cloudstack.provider.com:[port]/client/apiapi?command=enableAccount&amp;[parameters of this command]
 * https://cloudstack.provider.com:[port]/client/apiapi?command=enableAutoScaleVmGroup&amp;[parameters of this command]
 * https://cloudstack.provider.com:[port]/client/apiapi?command=enableCiscoNexusVSM&amp;[parameters of this command]
 * https://cloudstack.provider.com:[port]/client/apiapi?command=enableOutOfBandManagementForCluster&amp;[parameters of this command]
 * https://cloudstack.provider.com:[port]/client/apiapi?command=enableOutOfBandManagementForHost&amp;[parameters of this command]
 * https://cloudstack.provider.com:[port]/client/apiapi?command=enableOutOfBandManagementForZone&amp;[parameters of this command]
 * https://cloudstack.provider.com:[port]/client/apiapi?command=enableStaticNat&amp;[parameters of this command]
 * https://cloudstack.provider.com:[port]/client/apiapi?command=enableStorageMaintenance&amp;[parameters of this command]
 * https://cloudstack.provider.com:[port]/client/apiapi?command=enableUser&amp;[parameters of this command]
 * https://cloudstack.provider.com:[port]/client/apiapi?command=expungeVirtualMachine&amp;[parameters of this command]
 * https://cloudstack.provider.com:[port]/client/apiapi?command=extractIso&amp;[parameters of this command]
 * https://cloudstack.provider.com:[port]/client/apiapi?command=extractTemplate&amp;[parameters of this command]
 * https://cloudstack.provider.com:[port]/client/apiapi?command=extractVolume&amp;[parameters of this command]
 * https://cloudstack.provider.com:[port]/client/apiapi?command=findHostsForMigration&amp;[parameters of this command]
 * https://cloudstack.provider.com:[port]/client/apiapi?command=findStoragePoolsForMigration&amp;[parameters of this command]
 * https://cloudstack.provider.com:[port]/client/apiapi?command=generateAlert&amp;[parameters of this command]
 * https://cloudstack.provider.com:[port]/client/apiapi?command=generateUsageRecords&amp;[parameters of this command]
 * https://cloudstack.provider.com:[port]/client/apiapi?command=getApiLimit&amp;[parameters of this command]
 * https://cloudstack.provider.com:[port]/client/apiapi?command=getCloudIdentifier&amp;[parameters of this command]
 * https://cloudstack.provider.com:[port]/client/apiapi?command=getPathForVolume&amp;[parameters of this command]
 * https://cloudstack.provider.com:[port]/client/apiapi?command=getSPMetadata&amp;[parameters of this command]
 * https://cloudstack.provider.com:[port]/client/apiapi?command=getSolidFireAccountId&amp;[parameters of this command]
 * https://cloudstack.provider.com:[port]/client/apiapi?command=getSolidFireVolumeAccessGroupId&amp;[parameters of this command]
 * https://cloudstack.provider.com:[port]/client/apiapi?command=getSolidFireVolumeSize&amp;[parameters of this command]
 * https://cloudstack.provider.com:[port]/client/apiapi?command=getUploadParamsForTemplate&amp;[parameters of this command]
 * https://cloudstack.provider.com:[port]/client/apiapi?command=getUploadParamsForVolume&amp;[parameters of this command]
 * https://cloudstack.provider.com:[port]/client/apiapi?command=getUser&amp;[parameters of this command]
 * https://cloudstack.provider.com:[port]/client/apiapi?command=getVMPassword&amp;[parameters of this command]
 * https://cloudstack.provider.com:[port]/client/apiapi?command=getVirtualMachineUserData&amp;[parameters of this command]
 * https://cloudstack.provider.com:[port]/client/apiapi?command=getVolumeSnapshotDetails&amp;[parameters of this command]
 * https://cloudstack.provider.com:[port]/client/apiapi?command=getVolumeiScsiName&amp;[parameters of this command]
 * https://cloudstack.provider.com:[port]/client/apiapi?command=importLdapUsers&amp;[parameters of this command]
 * https://cloudstack.provider.com:[port]/client/apiapi?command=issueOutOfBandManagementPowerAction&amp;[parameters of this command]
 * https://cloudstack.provider.com:[port]/client/apiapi?command=ldapConfig&amp;[parameters of this command]
 * https://cloudstack.provider.com:[port]/client/apiapi?command=ldapCreateAccount&amp;[parameters of this command]
 * https://cloudstack.provider.com:[port]/client/apiapi?command=ldapRemove&amp;[parameters of this command]
 * https://cloudstack.provider.com:[port]/client/apiapi?command=linkDomainToLdap&amp;[parameters of this command]
 * https://cloudstack.provider.com:[port]/client/apiapi?command=listAccounts&amp;[parameters of this command]
 * https://cloudstack.provider.com:[port]/client/apiapi?command=listAffinityGroupTypes&amp;[parameters of this command]
 * https://cloudstack.provider.com:[port]/client/apiapi?command=listAffinityGroups&amp;[parameters of this command]
 * https://cloudstack.provider.com:[port]/client/apiapi?command=listAlerts&amp;[parameters of this command]
 * https://cloudstack.provider.com:[port]/client/apiapi?command=listAndSwitchSamlAccount&amp;[parameters of this command]
 * https://cloudstack.provider.com:[port]/client/apiapi?command=listApis&amp;[parameters of this command]
 * https://cloudstack.provider.com:[port]/client/apiapi?command=listAsyncJobs&amp;[parameters of this command]
 * https://cloudstack.provider.com:[port]/client/apiapi?command=listAutoScalePolicies&amp;[parameters of this command]
 * https://cloudstack.provider.com:[port]/client/apiapi?command=listAutoScaleVmGroups&amp;[parameters of this command]
 * https://cloudstack.provider.com:[port]/client/apiapi?command=listAutoScaleVmProfiles&amp;[parameters of this command]
 * https://cloudstack.provider.com:[port]/client/apiapi?command=listBaremetalDhcp&amp;[parameters of this command]
 * https://cloudstack.provider.com:[port]/client/apiapi?command=listBaremetalPxeServers&amp;[parameters of this command]
 * https://cloudstack.provider.com:[port]/client/apiapi?command=listBaremetalRct&amp;[parameters of this command]
 * https://cloudstack.provider.com:[port]/client/apiapi?command=listBigSwitchBcfDevices&amp;[parameters of this command]
 * https://cloudstack.provider.com:[port]/client/apiapi?command=listBrocadeVcsDeviceNetworks&amp;[parameters of this command]
 * https://cloudstack.provider.com:[port]/client/apiapi?command=listBrocadeVcsDevices&amp;[parameters of this command]
 * https://cloudstack.provider.com:[port]/client/apiapi?command=listCapabilities&amp;[parameters of this command]
 * https://cloudstack.provider.com:[port]/client/apiapi?command=listCapacity&amp;[parameters of this command]
 * https://cloudstack.provider.com:[port]/client/apiapi?command=listCiscoAsa1000vResources&amp;[parameters of this command]
 * https://cloudstack.provider.com:[port]/client/apiapi?command=listCiscoNexusVSMs&amp;[parameters of this command]
 * https://cloudstack.provider.com:[port]/client/apiapi?command=listCiscoVnmcResources&amp;[parameters of this command]
 * https://cloudstack.provider.com:[port]/client/apiapi?command=listClusters&amp;[parameters of this command]
 * https://cloudstack.provider.com:[port]/client/apiapi?command=listConditions&amp;[parameters of this command]
 * https://cloudstack.provider.com:[port]/client/apiapi?command=listConfigurations&amp;[parameters of this command]
 * https://cloudstack.provider.com:[port]/client/apiapi?command=listCounters&amp;[parameters of this command]
 * https://cloudstack.provider.com:[port]/client/apiapi?command=listDedicatedClusters&amp;[parameters of this command]
 * https://cloudstack.provider.com:[port]/client/apiapi?command=listDedicatedGuestVlanRanges&amp;[parameters of this command]
 * https://cloudstack.provider.com:[port]/client/apiapi?command=listDedicatedHosts&amp;[parameters of this command]
 * https://cloudstack.provider.com:[port]/client/apiapi?command=listDedicatedPods&amp;[parameters of this command]
 * https://cloudstack.provider.com:[port]/client/apiapi?command=listDedicatedZones&amp;[parameters of this command]
 * https://cloudstack.provider.com:[port]/client/apiapi?command=listDeploymentPlanners&amp;[parameters of this command]
 * https://cloudstack.provider.com:[port]/client/apiapi?command=listDiskOfferings&amp;[parameters of this command]
 * https://cloudstack.provider.com:[port]/client/apiapi?command=listDomainChildren&amp;[parameters of this command]
 * https://cloudstack.provider.com:[port]/client/apiapi?command=listDomains&amp;[parameters of this command]
 * https://cloudstack.provider.com:[port]/client/apiapi?command=listEgressFirewallRules&amp;[parameters of this command]
 * https://cloudstack.provider.com:[port]/client/apiapi?command=listEventTypes&amp;[parameters of this command]
 * https://cloudstack.provider.com:[port]/client/apiapi?command=listEvents&amp;[parameters of this command]
 * https://cloudstack.provider.com:[port]/client/apiapi?command=listExternalFirewalls&amp;[parameters of this command]
 * https://cloudstack.provider.com:[port]/client/apiapi?command=listExternalLoadBalancers&amp;[parameters of this command]
 * https://cloudstack.provider.com:[port]/client/apiapi?command=listF5LoadBalancerNetworks&amp;[parameters of this command]
 * https://cloudstack.provider.com:[port]/client/apiapi?command=listF5LoadBalancers&amp;[parameters of this command]
 * https://cloudstack.provider.com:[port]/client/apiapi?command=listFirewallRules&amp;[parameters of this command]
 * https://cloudstack.provider.com:[port]/client/apiapi?command=listGlobalLoadBalancerRules&amp;[parameters of this command]
 * https://cloudstack.provider.com:[port]/client/apiapi?command=listGuestOsMapping&amp;[parameters of this command]
 * https://cloudstack.provider.com:[port]/client/apiapi?command=listHostTags&amp;[parameters of this command]
 * https://cloudstack.provider.com:[port]/client/apiapi?command=listHosts&amp;[parameters of this command]
 * https://cloudstack.provider.com:[port]/client/apiapi?command=listHypervisorCapabilities&amp;[parameters of this command]
 * https://cloudstack.provider.com:[port]/client/apiapi?command=listHypervisors&amp;[parameters of this command]
 * https://cloudstack.provider.com:[port]/client/apiapi?command=listIdps&amp;[parameters of this command]
 * https://cloudstack.provider.com:[port]/client/apiapi?command=listImageStores&amp;[parameters of this command]
 * https://cloudstack.provider.com:[port]/client/apiapi?command=listInstanceGroups&amp;[parameters of this command]
 * https://cloudstack.provider.com:[port]/client/apiapi?command=listInternalLoadBalancerElements&amp;[parameters of this command]
 * https://cloudstack.provider.com:[port]/client/apiapi?command=listInternalLoadBalancerVMs&amp;[parameters of this command]
 * https://cloudstack.provider.com:[port]/client/apiapi?command=listIpForwardingRules&amp;[parameters of this command]
 * https://cloudstack.provider.com:[port]/client/apiapi?command=listIsoPermissions&amp;[parameters of this command]
 * https://cloudstack.provider.com:[port]/client/apiapi?command=listIsos&amp;[parameters of this command]
 * https://cloudstack.provider.com:[port]/client/apiapi?command=listLBHealthCheckPolicies&amp;[parameters of this command]
 * https://cloudstack.provider.com:[port]/client/apiapi?command=listLBStickinessPolicies&amp;[parameters of this command]
 * https://cloudstack.provider.com:[port]/client/apiapi?command=listLdapConfigurations&amp;[parameters of this command]
 * https://cloudstack.provider.com:[port]/client/apiapi?command=listLdapUsers&amp;[parameters of this command]
 * https://cloudstack.provider.com:[port]/client/apiapi?command=listLoadBalancerRuleInstances&amp;[parameters of this command]
 * https://cloudstack.provider.com:[port]/client/apiapi?command=listLoadBalancerRules&amp;[parameters of this command]
 * https://cloudstack.provider.com:[port]/client/apiapi?command=listLoadBalancers&amp;[parameters of this command]
 * https://cloudstack.provider.com:[port]/client/apiapi?command=listLunsOnFiler&amp;[parameters of this command]
 * https://cloudstack.provider.com:[port]/client/apiapi?command=listNetscalerLoadBalancerNetworks&amp;[parameters of this command]
 * https://cloudstack.provider.com:[port]/client/apiapi?command=listNetscalerLoadBalancers&amp;[parameters of this command]
 * https://cloudstack.provider.com:[port]/client/apiapi?command=listNetworkACLLists&amp;[parameters of this command]
 * https://cloudstack.provider.com:[port]/client/apiapi?command=listNetworkACLs&amp;[parameters of this command]
 * https://cloudstack.provider.com:[port]/client/apiapi?command=listNetworkDevice&amp;[parameters of this command]
 * https://cloudstack.provider.com:[port]/client/apiapi?command=listNetworkIsolationMethods&amp;[parameters of this command]
 * https://cloudstack.provider.com:[port]/client/apiapi?command=listNetworkOfferings&amp;[parameters of this command]
 * https://cloudstack.provider.com:[port]/client/apiapi?command=listNetworkServiceProviders&amp;[parameters of this command]
 * https://cloudstack.provider.com:[port]/client/apiapi?command=listNetworks&amp;[parameters of this command]
 * https://cloudstack.provider.com:[port]/client/apiapi?command=listNiciraNvpDeviceNetworks&amp;[parameters of this command]
 * https://cloudstack.provider.com:[port]/client/apiapi?command=listNiciraNvpDevices&amp;[parameters of this command]
 * https://cloudstack.provider.com:[port]/client/apiapi?command=listNics&amp;[parameters of this command]
 * https://cloudstack.provider.com:[port]/client/apiapi?command=listNuageVspDevices&amp;[parameters of this command]
 * https://cloudstack.provider.com:[port]/client/apiapi?command=listOpenDaylightControllers&amp;[parameters of this command]
 * https://cloudstack.provider.com:[port]/client/apiapi?command=listOsCategories&amp;[parameters of this command]
 * https://cloudstack.provider.com:[port]/client/apiapi?command=listOsTypes&amp;[parameters of this command]
 * https://cloudstack.provider.com:[port]/client/apiapi?command=listOvsElements&amp;[parameters of this command]
 * https://cloudstack.provider.com:[port]/client/apiapi?command=listPaloAltoFirewallNetworks&amp;[parameters of this command]
 * https://cloudstack.provider.com:[port]/client/apiapi?command=listPaloAltoFirewalls&amp;[parameters of this command]
 * https://cloudstack.provider.com:[port]/client/apiapi?command=listPhysicalNetworks&amp;[parameters of this command]
 * https://cloudstack.provider.com:[port]/client/apiapi?command=listPods&amp;[parameters of this command]
 * https://cloudstack.provider.com:[port]/client/apiapi?command=listPools&amp;[parameters of this command]
 * https://cloudstack.provider.com:[port]/client/apiapi?command=listPortForwardingRules&amp;[parameters of this command]
 * https://cloudstack.provider.com:[port]/client/apiapi?command=listPortableIpRanges&amp;[parameters of this command]
 * https://cloudstack.provider.com:[port]/client/apiapi?command=listPrivateGateways&amp;[parameters of this command]
 * https://cloudstack.provider.com:[port]/client/apiapi?command=listProjectAccounts&amp;[parameters of this command]
 * https://cloudstack.provider.com:[port]/client/apiapi?command=listProjectInvitations&amp;[parameters of this command]
 * https://cloudstack.provider.com:[port]/client/apiapi?command=listProjects&amp;[parameters of this command]
 * https://cloudstack.provider.com:[port]/client/apiapi?command=listPublicIpAddresses&amp;[parameters of this command]
 * https://cloudstack.provider.com:[port]/client/apiapi?command=listRegions&amp;[parameters of this command]
 * https://cloudstack.provider.com:[port]/client/apiapi?command=listRemoteAccessVpns&amp;[parameters of this command]
 * https://cloudstack.provider.com:[port]/client/apiapi?command=listResourceDetails&amp;[parameters of this command]
 * https://cloudstack.provider.com:[port]/client/apiapi?command=listResourceLimits&amp;[parameters of this command]
 * https://cloudstack.provider.com:[port]/client/apiapi?command=listRolePermissions&amp;[parameters of this command]
 * https://cloudstack.provider.com:[port]/client/apiapi?command=listRoles&amp;[parameters of this command]
 * https://cloudstack.provider.com:[port]/client/apiapi?command=listRouters&amp;[parameters of this command]
 * https://cloudstack.provider.com:[port]/client/apiapi?command=listSSHKeyPairs&amp;[parameters of this command]
 * https://cloudstack.provider.com:[port]/client/apiapi?command=listSamlAuthorization&amp;[parameters of this command]
 * https://cloudstack.provider.com:[port]/client/apiapi?command=listSecondaryStagingStores&amp;[parameters of this command]
 * https://cloudstack.provider.com:[port]/client/apiapi?command=listSecurityGroups&amp;[parameters of this command]
 * https://cloudstack.provider.com:[port]/client/apiapi?command=listServiceOfferings&amp;[parameters of this command]
 * https://cloudstack.provider.com:[port]/client/apiapi?command=listSnapshotPolicies&amp;[parameters of this command]
 * https://cloudstack.provider.com:[port]/client/apiapi?command=listSnapshots&amp;[parameters of this command]
 * https://cloudstack.provider.com:[port]/client/apiapi?command=listSrxFirewallNetworks&amp;[parameters of this command]
 * https://cloudstack.provider.com:[port]/client/apiapi?command=listSrxFirewalls&amp;[parameters of this command]
 * https://cloudstack.provider.com:[port]/client/apiapi?command=listSslCerts&amp;[parameters of this command]
 * https://cloudstack.provider.com:[port]/client/apiapi?command=listStaticRoutes&amp;[parameters of this command]
 * https://cloudstack.provider.com:[port]/client/apiapi?command=listStorageNetworkIpRange&amp;[parameters of this command]
 * https://cloudstack.provider.com:[port]/client/apiapi?command=listStoragePools&amp;[parameters of this command]
 * https://cloudstack.provider.com:[port]/client/apiapi?command=listStorageProviders&amp;[parameters of this command]
 * https://cloudstack.provider.com:[port]/client/apiapi?command=listStorageTags&amp;[parameters of this command]
 * https://cloudstack.provider.com:[port]/client/apiapi?command=listSupportedNetworkServices&amp;[parameters of this command]
 * https://cloudstack.provider.com:[port]/client/apiapi?command=listSwifts&amp;[parameters of this command]
 * https://cloudstack.provider.com:[port]/client/apiapi?command=listSystemVms&amp;[parameters of this command]
 * https://cloudstack.provider.com:[port]/client/apiapi?command=listTags&amp;[parameters of this command]
 * https://cloudstack.provider.com:[port]/client/apiapi?command=listTemplatePermissions&amp;[parameters of this command]
 * https://cloudstack.provider.com:[port]/client/apiapi?command=listTemplates&amp;[parameters of this command]
 * https://cloudstack.provider.com:[port]/client/apiapi?command=listTrafficMonitors&amp;[parameters of this command]
 * https://cloudstack.provider.com:[port]/client/apiapi?command=listTrafficTypeImplementors&amp;[parameters of this command]
 * https://cloudstack.provider.com:[port]/client/apiapi?command=listTrafficTypes&amp;[parameters of this command]
 * https://cloudstack.provider.com:[port]/client/apiapi?command=listUcsBlades&amp;[parameters of this command]
 * https://cloudstack.provider.com:[port]/client/apiapi?command=listUcsManagers&amp;[parameters of this command]
 * https://cloudstack.provider.com:[port]/client/apiapi?command=listUcsProfiles&amp;[parameters of this command]
 * https://cloudstack.provider.com:[port]/client/apiapi?command=listUsageRecords&amp;[parameters of this command]
 * https://cloudstack.provider.com:[port]/client/apiapi?command=listUsageTypes&amp;[parameters of this command]
 * https://cloudstack.provider.com:[port]/client/apiapi?command=listUsers&amp;[parameters of this command]
 * https://cloudstack.provider.com:[port]/client/apiapi?command=listVMSnapshot&amp;[parameters of this command]
 * https://cloudstack.provider.com:[port]/client/apiapi?command=listVPCOfferings&amp;[parameters of this command]
 * https://cloudstack.provider.com:[port]/client/apiapi?command=listVPCs&amp;[parameters of this command]
 * https://cloudstack.provider.com:[port]/client/apiapi?command=listVirtualMachines&amp;[parameters of this command]
 * https://cloudstack.provider.com:[port]/client/apiapi?command=listVirtualRouterElements&amp;[parameters of this command]
 * https://cloudstack.provider.com:[port]/client/apiapi?command=listVlanIpRanges&amp;[parameters of this command]
 * https://cloudstack.provider.com:[port]/client/apiapi?command=listVmwareDcs&amp;[parameters of this command]
 * https://cloudstack.provider.com:[port]/client/apiapi?command=listVolumes&amp;[parameters of this command]
 * https://cloudstack.provider.com:[port]/client/apiapi?command=listVolumesOnFiler&amp;[parameters of this command]
 * https://cloudstack.provider.com:[port]/client/apiapi?command=listVpnConnections&amp;[parameters of this command]
 * https://cloudstack.provider.com:[port]/client/apiapi?command=listVpnCustomerGateways&amp;[parameters of this command]
 * https://cloudstack.provider.com:[port]/client/apiapi?command=listVpnGateways&amp;[parameters of this command]
 * https://cloudstack.provider.com:[port]/client/apiapi?command=listVpnUsers&amp;[parameters of this command]
 * https://cloudstack.provider.com:[port]/client/apiapi?command=listZones&amp;[parameters of this command]
 * https://cloudstack.provider.com:[port]/client/apiapi?command=lockAccount&amp;[parameters of this command]
 * https://cloudstack.provider.com:[port]/client/apiapi?command=lockUser&amp;[parameters of this command]
 * https://cloudstack.provider.com:[port]/client/apiapi?command=login&amp;[parameters of this command]
 * https://cloudstack.provider.com:[port]/client/apiapi?command=logout&amp;[parameters of this command]
 * https://cloudstack.provider.com:[port]/client/apiapi?command=markDefaultZoneForAccount&amp;[parameters of this command]
 * https://cloudstack.provider.com:[port]/client/apiapi?command=migrateSystemVm&amp;[parameters of this command]
 * https://cloudstack.provider.com:[port]/client/apiapi?command=migrateVirtualMachine&amp;[parameters of this command]
 * https://cloudstack.provider.com:[port]/client/apiapi?command=migrateVirtualMachineWithVolume&amp;[parameters of this command]
 * https://cloudstack.provider.com:[port]/client/apiapi?command=migrateVolume&amp;[parameters of this command]
 * https://cloudstack.provider.com:[port]/client/apiapi?command=modifyPool&amp;[parameters of this command]
 * https://cloudstack.provider.com:[port]/client/apiapi?command=notifyBaremetalProvisionDone&amp;[parameters of this command]
 * https://cloudstack.provider.com:[port]/client/apiapi?command=prepareHostForMaintenance&amp;[parameters of this command]
 * https://cloudstack.provider.com:[port]/client/apiapi?command=prepareTemplate&amp;[parameters of this command]
 * https://cloudstack.provider.com:[port]/client/apiapi?command=queryAsyncJobResult&amp;[parameters of this command]
 * https://cloudstack.provider.com:[port]/client/apiapi?command=quotaEmailTemplateUpdate&amp;[parameters of this command]
 * https://cloudstack.provider.com:[port]/client/apiapi?command=quotaTariffUpdate&amp;[parameters of this command]
 * https://cloudstack.provider.com:[port]/client/apiapi?command=quotaUpdate&amp;[parameters of this command]
 * https://cloudstack.provider.com:[port]/client/apiapi?command=rebootRouter&amp;[parameters of this command]
 * https://cloudstack.provider.com:[port]/client/apiapi?command=rebootSystemVm&amp;[parameters of this command]
 * https://cloudstack.provider.com:[port]/client/apiapi?command=rebootVirtualMachine&amp;[parameters of this command]
 * https://cloudstack.provider.com:[port]/client/apiapi?command=reconnectHost&amp;[parameters of this command]
 * https://cloudstack.provider.com:[port]/client/apiapi?command=recoverVirtualMachine&amp;[parameters of this command]
 * https://cloudstack.provider.com:[port]/client/apiapi?command=registerIso&amp;[parameters of this command]
 * https://cloudstack.provider.com:[port]/client/apiapi?command=registerSSHKeyPair&amp;[parameters of this command]
 * https://cloudstack.provider.com:[port]/client/apiapi?command=registerTemplate&amp;[parameters of this command]
 * https://cloudstack.provider.com:[port]/client/apiapi?command=registerUserKeys&amp;[parameters of this command]
 * https://cloudstack.provider.com:[port]/client/apiapi?command=releaseDedicatedCluster&amp;[parameters of this command]
 * https://cloudstack.provider.com:[port]/client/apiapi?command=releaseDedicatedGuestVlanRange&amp;[parameters of this command]
 * https://cloudstack.provider.com:[port]/client/apiapi?command=releaseDedicatedHost&amp;[parameters of this command]
 * https://cloudstack.provider.com:[port]/client/apiapi?command=releaseDedicatedPod&amp;[parameters of this command]
 * https://cloudstack.provider.com:[port]/client/apiapi?command=releaseDedicatedZone&amp;[parameters of this command]
 * https://cloudstack.provider.com:[port]/client/apiapi?command=releaseHostReservation&amp;[parameters of this command]
 * https://cloudstack.provider.com:[port]/client/apiapi?command=releasePublicIpRange&amp;[parameters of this command]
 * https://cloudstack.provider.com:[port]/client/apiapi?command=removeCertFromLoadBalancer&amp;[parameters of this command]
 * https://cloudstack.provider.com:[port]/client/apiapi?command=removeFromGlobalLoadBalancerRule&amp;[parameters of this command]
 * https://cloudstack.provider.com:[port]/client/apiapi?command=removeFromLoadBalancerRule&amp;[parameters of this command]
 * https://cloudstack.provider.com:[port]/client/apiapi?command=removeGuestOs&amp;[parameters of this command]
 * https://cloudstack.provider.com:[port]/client/apiapi?command=removeGuestOsMapping&amp;[parameters of this command]
 * https://cloudstack.provider.com:[port]/client/apiapi?command=removeIpFromNic&amp;[parameters of this command]
 * https://cloudstack.provider.com:[port]/client/apiapi?command=removeNicFromVirtualMachine&amp;[parameters of this command]
 * https://cloudstack.provider.com:[port]/client/apiapi?command=removeRawUsageRecords&amp;[parameters of this command]
 * https://cloudstack.provider.com:[port]/client/apiapi?command=removeRegion&amp;[parameters of this command]
 * https://cloudstack.provider.com:[port]/client/apiapi?command=removeResourceDetail&amp;[parameters of this command]
 * https://cloudstack.provider.com:[port]/client/apiapi?command=removeVmwareDc&amp;[parameters of this command]
 * https://cloudstack.provider.com:[port]/client/apiapi?command=removeVpnUser&amp;[parameters of this command]
 * https://cloudstack.provider.com:[port]/client/apiapi?command=replaceNetworkACLList&amp;[parameters of this command]
 * https://cloudstack.provider.com:[port]/client/apiapi?command=resetApiLimit&amp;[parameters of this command]
 * https://cloudstack.provider.com:[port]/client/apiapi?command=resetPasswordForVirtualMachine&amp;[parameters of this command]
 * https://cloudstack.provider.com:[port]/client/apiapi?command=resetSSHKeyForVirtualMachine&amp;[parameters of this command]
 * https://cloudstack.provider.com:[port]/client/apiapi?command=resetVpnConnection&amp;[parameters of this command]
 * https://cloudstack.provider.com:[port]/client/apiapi?command=resizeVolume&amp;[parameters of this command]
 * https://cloudstack.provider.com:[port]/client/apiapi?command=restartNetwork&amp;[parameters of this command]
 * https://cloudstack.provider.com:[port]/client/apiapi?command=restartVPC&amp;[parameters of this command]
 * https://cloudstack.provider.com:[port]/client/apiapi?command=restoreVirtualMachine&amp;[parameters of this command]
 * https://cloudstack.provider.com:[port]/client/apiapi?command=revertSnapshot&amp;[parameters of this command]
 * https://cloudstack.provider.com:[port]/client/apiapi?command=revertToVMSnapshot&amp;[parameters of this command]
 * https://cloudstack.provider.com:[port]/client/apiapi?command=revokeSecurityGroupEgress&amp;[parameters of this command]
 * https://cloudstack.provider.com:[port]/client/apiapi?command=revokeSecurityGroupIngress&amp;[parameters of this command]
 * https://cloudstack.provider.com:[port]/client/apiapi?command=scaleSystemVm&amp;[parameters of this command]
 * https://cloudstack.provider.com:[port]/client/apiapi?command=scaleVirtualMachine&amp;[parameters of this command]
 * https://cloudstack.provider.com:[port]/client/apiapi?command=searchLdap&amp;[parameters of this command]
 * https://cloudstack.provider.com:[port]/client/apiapi?command=startInternalLoadBalancerVM&amp;[parameters of this command]
 * https://cloudstack.provider.com:[port]/client/apiapi?command=startRouter&amp;[parameters of this command]
 * https://cloudstack.provider.com:[port]/client/apiapi?command=startSystemVm&amp;[parameters of this command]
 * https://cloudstack.provider.com:[port]/client/apiapi?command=startVirtualMachine&amp;[parameters of this command]
 * https://cloudstack.provider.com:[port]/client/apiapi?command=stopInternalLoadBalancerVM&amp;[parameters of this command]
 * https://cloudstack.provider.com:[port]/client/apiapi?command=stopRouter&amp;[parameters of this command]
 * https://cloudstack.provider.com:[port]/client/apiapi?command=stopSystemVm&amp;[parameters of this command]
 * https://cloudstack.provider.com:[port]/client/apiapi?command=stopVirtualMachine&amp;[parameters of this command]
 * https://cloudstack.provider.com:[port]/client/apiapi?command=suspendProject&amp;[parameters of this command]
 * https://cloudstack.provider.com:[port]/client/apiapi?command=updateAccount&amp;[parameters of this command]
 * https://cloudstack.provider.com:[port]/client/apiapi?command=updateAutoScalePolicy&amp;[parameters of this command]
 * https://cloudstack.provider.com:[port]/client/apiapi?command=updateAutoScaleVmGroup&amp;[parameters of this command]
 * https://cloudstack.provider.com:[port]/client/apiapi?command=updateAutoScaleVmProfile&amp;[parameters of this command]
 * https://cloudstack.provider.com:[port]/client/apiapi?command=updateCloudToUseObjectStore&amp;[parameters of this command]
 * https://cloudstack.provider.com:[port]/client/apiapi?command=updateCluster&amp;[parameters of this command]
 * https://cloudstack.provider.com:[port]/client/apiapi?command=updateConfiguration&amp;[parameters of this command]
 * https://cloudstack.provider.com:[port]/client/apiapi?command=updateDefaultNicForVirtualMachine&amp;[parameters of this command]
 * https://cloudstack.provider.com:[port]/client/apiapi?command=updateDiskOffering&amp;[parameters of this command]
 * https://cloudstack.provider.com:[port]/client/apiapi?command=updateDomain&amp;[parameters of this command]
 * https://cloudstack.provider.com:[port]/client/apiapi?command=updateEgressFirewallRule&amp;[parameters of this command]
 * https://cloudstack.provider.com:[port]/client/apiapi?command=updateFirewallRule&amp;[parameters of this command]
 * https://cloudstack.provider.com:[port]/client/apiapi?command=updateGlobalLoadBalancerRule&amp;[parameters of this command]
 * https://cloudstack.provider.com:[port]/client/apiapi?command=updateGuestOs&amp;[parameters of this command]
 * https://cloudstack.provider.com:[port]/client/apiapi?command=updateGuestOsMapping&amp;[parameters of this command]
 * https://cloudstack.provider.com:[port]/client/apiapi?command=updateHost&amp;[parameters of this command]
 * https://cloudstack.provider.com:[port]/client/apiapi?command=updateHostPassword&amp;[parameters of this command]
 * https://cloudstack.provider.com:[port]/client/apiapi?command=updateHypervisorCapabilities&amp;[parameters of this command]
 * https://cloudstack.provider.com:[port]/client/apiapi?command=updateInstanceGroup&amp;[parameters of this command]
 * https://cloudstack.provider.com:[port]/client/apiapi?command=updateIpAddress&amp;[parameters of this command]
 * https://cloudstack.provider.com:[port]/client/apiapi?command=updateIso&amp;[parameters of this command]
 * https://cloudstack.provider.com:[port]/client/apiapi?command=updateIsoPermissions&amp;[parameters of this command]
 * https://cloudstack.provider.com:[port]/client/apiapi?command=updateLBHealthCheckPolicy&amp;[parameters of this command]
 * https://cloudstack.provider.com:[port]/client/apiapi?command=updateLBStickinessPolicy&amp;[parameters of this command]
 * https://cloudstack.provider.com:[port]/client/apiapi?command=updateLoadBalancer&amp;[parameters of this command]
 * https://cloudstack.provider.com:[port]/client/apiapi?command=updateLoadBalancerRule&amp;[parameters of this command]
 * https://cloudstack.provider.com:[port]/client/apiapi?command=updateNetwork&amp;[parameters of this command]
 * https://cloudstack.provider.com:[port]/client/apiapi?command=updateNetworkACLItem&amp;[parameters of this command]
 * https://cloudstack.provider.com:[port]/client/apiapi?command=updateNetworkACLList&amp;[parameters of this command]
 * https://cloudstack.provider.com:[port]/client/apiapi?command=updateNetworkOffering&amp;[parameters of this command]
 * https://cloudstack.provider.com:[port]/client/apiapi?command=updateNetworkServiceProvider&amp;[parameters of this command]
 * https://cloudstack.provider.com:[port]/client/apiapi?command=updateNuageVspDevice&amp;[parameters of this command]
 * https://cloudstack.provider.com:[port]/client/apiapi?command=updatePhysicalNetwork&amp;[parameters of this command]
 * https://cloudstack.provider.com:[port]/client/apiapi?command=updatePod&amp;[parameters of this command]
 * https://cloudstack.provider.com:[port]/client/apiapi?command=updatePortForwardingRule&amp;[parameters of this command]
 * https://cloudstack.provider.com:[port]/client/apiapi?command=updateProject&amp;[parameters of this command]
 * https://cloudstack.provider.com:[port]/client/apiapi?command=updateProjectInvitation&amp;[parameters of this command]
 * https://cloudstack.provider.com:[port]/client/apiapi?command=updateRegion&amp;[parameters of this command]
 * https://cloudstack.provider.com:[port]/client/apiapi?command=updateRemoteAccessVpn&amp;[parameters of this command]
 * https://cloudstack.provider.com:[port]/client/apiapi?command=updateResourceCount&amp;[parameters of this command]
 * https://cloudstack.provider.com:[port]/client/apiapi?command=updateResourceLimit&amp;[parameters of this command]
 * https://cloudstack.provider.com:[port]/client/apiapi?command=updateRole&amp;[parameters of this command]
 * https://cloudstack.provider.com:[port]/client/apiapi?command=updateRolePermission&amp;[parameters of this command]
 * https://cloudstack.provider.com:[port]/client/apiapi?command=updateServiceOffering&amp;[parameters of this command]
 * https://cloudstack.provider.com:[port]/client/apiapi?command=updateSnapshotPolicy&amp;[parameters of this command]
 * https://cloudstack.provider.com:[port]/client/apiapi?command=updateStorageNetworkIpRange&amp;[parameters of this command]
 * https://cloudstack.provider.com:[port]/client/apiapi?command=updateStoragePool&amp;[parameters of this command]
 * https://cloudstack.provider.com:[port]/client/apiapi?command=updateTemplate&amp;[parameters of this command]
 * https://cloudstack.provider.com:[port]/client/apiapi?command=updateTemplatePermissions&amp;[parameters of this command]
 * https://cloudstack.provider.com:[port]/client/apiapi?command=updateTrafficType&amp;[parameters of this command]
 * https://cloudstack.provider.com:[port]/client/apiapi?command=updateUser&amp;[parameters of this command]
 * https://cloudstack.provider.com:[port]/client/apiapi?command=updateVMAffinityGroup&amp;[parameters of this command]
 * https://cloudstack.provider.com:[port]/client/apiapi?command=updateVPC&amp;[parameters of this command]
 * https://cloudstack.provider.com:[port]/client/apiapi?command=updateVPCOffering&amp;[parameters of this command]
 * https://cloudstack.provider.com:[port]/client/apiapi?command=updateVirtualMachine&amp;[parameters of this command]
 * https://cloudstack.provider.com:[port]/client/apiapi?command=updateVmNicIp&amp;[parameters of this command]
 * https://cloudstack.provider.com:[port]/client/apiapi?command=updateVolume&amp;[parameters of this command]
 * https://cloudstack.provider.com:[port]/client/apiapi?command=updateVpnConnection&amp;[parameters of this command]
 * https://cloudstack.provider.com:[port]/client/apiapi?command=updateVpnCustomerGateway&amp;[parameters of this command]
 * https://cloudstack.provider.com:[port]/client/apiapi?command=updateVpnGateway&amp;[parameters of this command]
 * https://cloudstack.provider.com:[port]/client/apiapi?command=updateZone&amp;[parameters of this command]
 * https://cloudstack.provider.com:[port]/client/apiapi?command=upgradeRouterTemplate&amp;[parameters of this command]
 * https://cloudstack.provider.com:[port]/client/apiapi?command=uploadCustomCertificate&amp;[parameters of this command]
 * https://cloudstack.provider.com:[port]/client/apiapi?command=uploadSslCert&amp;[parameters of this command]
 * https://cloudstack.provider.com:[port]/client/apiapi?command=uploadVolume&amp;[parameters of this command]

--------------------------------------------------------------------------------
Singular Collection Anti-Pattern - 0 detected:

--------------------------------------------------------------------------------
Missing POST Method Anti-Pattern - 0 detected:

--------------------------------------------------------------------------------
Missing GET Method Anti-Pattern - 1 detected:
 * https://cloudstack.provider.com:[port]/client/api

--------------------------------------------------------------------------------
Missing DELETE Method Anti-Pattern - 0 detected:

--------------------------------------------------------------------------------
Unexpected DELETE Method Anti-Pattern - 0 detected:

--------------------------------------------------------------------------------
Only Controllers Anti-Pattern - 1 detected:
 * https://cloudstack.provider.com:[port]/client/api

--------------------------------------------------------------------------------
Not Verb Controller Anti-Pattern - 8 detected:
 * https://cloudstack.provider.com:[port]/client/apiapi?command=quotaBalance&amp;[parameters of this command]
 * https://cloudstack.provider.com:[port]/client/apiapi?command=quotaCredits&amp;[parameters of this command]
 * https://cloudstack.provider.com:[port]/client/apiapi?command=quotaEmailTemplateList&amp;[parameters of this command]
 * https://cloudstack.provider.com:[port]/client/apiapi?command=quotaIsEnabled&amp;[parameters of this command]
 * https://cloudstack.provider.com:[port]/client/apiapi?command=quotaStatement&amp;[parameters of this command]
 * https://cloudstack.provider.com:[port]/client/apiapi?command=quotaTariffList&amp;[parameters of this command]
 * https://cloudstack.provider.com:[port]/client/apiapi?command=samlSlo&amp;[parameters of this command]
 * https://cloudstack.provider.com:[port]/client/apiapi?command=samlSso&amp;[parameters of this command]

--------------------------------------------------------------------------------
Create Verb Controller Anti-Pattern - 0 detected:

--------------------------------------------------------------------------------
Retrieve Verb Controller Anti-Pattern - 0 detected:

--------------------------------------------------------------------------------
Update Verb Controller Anti-Pattern - 0 detected:

--------------------------------------------------------------------------------
Delete Verb Controller Anti-Pattern - 0 detected:

--------------------------------------------------------------------------------
Not POST Method Controller Anti-Pattern - 0 detected:

--------------------------------------------------------------------------------
More Than One Method Anti-Pattern - 0 detected:

--------------------------------------------------------------------------------
Not POST Controller Method Anti-Pattern - 0 detected:

--------------------------------------------------------------------------------
Untagged Resources and Controllers  - 0 detected:

