['./datasets/DatasetURIs.csv']

-------------------- API --------------------

Number of providers = 1
Number of services = 1
Number of resources = 1
Number of controllers = 563
Number of queries = 0
Number of methods = 563
 - 563 POST (100.00%)

-------------------- LEXICON --------------------

********************************************************************************
********************************************************************************
********************************************************************************
******************************     0 terms are common to 0 of 1 providers      ******************************
******************************     565 terms are common to 1 of 1 providers      ******************************

Number of terms = 565
Number of nouns = 10 (1.77%)
Number of verbs = 555 (98.23%)
Number of singular terms = 9 (1.59%)
Number of plural terms = 556 (98.41%)
Number of lower case terms = 4 (0.71%)
Number of upper case terms = 0 (0.00%)
Number of camel case terms = 561 (99.29%)
Number of hyphen terms = 0 (0.00%)
Number of underscore terms = 0 (0.00%)
Number of business terms = 564 (99.82%)
Number of engineering terms = 1 (0.18%)


-------------------- QUALITY --------------------

Apache CloudStack is RPC :-) because few resources (1)
scoreRest = 0.0
Apache CloudStack: GOOD API naming or API Naming Uniformity Pattern
scoreNaming = 0.992920353982
Apache CloudStack: BAD business API design or Engineering-Oriented API Naming Anti-Pattern 1 (0.18%)
scoreBusiness = 0.998230088496
Total score = 0.663716814159
