['./datasets/DatasetURIs.csv']

-------------------- API --------------------

Number of providers = 1
Number of services = 1
Number of resources = 67
Number of controllers = 0
Number of queries = 0
Number of methods = 114
 - 16 PUT (14.04%)
 - 18 POST (15.79%)
 - 15 DELETE (13.16%)
 - 65 GET (57.02%)

-------------------- LEXICON --------------------

********************************************************************************
********************************************************************************
********************************************************************************
******************************     0 terms are common to 0 of 1 providers      ******************************
******************************     16 terms are common to 1 of 1 providers      ******************************

Number of terms = 16
Number of nouns = 15 (93.75%)
Number of verbs = 1 (6.25%)
Number of singular terms = 3 (18.75%)
Number of plural terms = 13 (81.25%)
Number of lower case terms = 16 (100.00%)
Number of upper case terms = 0 (0.00%)
Number of camel case terms = 0 (0.00%)
Number of hyphen terms = 0 (0.00%)
Number of underscore terms = 0 (0.00%)
Number of business terms = 15 (93.75%)
Number of engineering terms = 1 (6.25%)


-------------------- QUALITY --------------------

Kubernetes is CRUD :-) because few controllers (0)
scoreRest = 1.0
Kubernetes: GOOD API naming or API Naming Uniformity Pattern
scoreNaming = 1.0
Kubernetes: BAD business API design or Engineering-Oriented API Naming Anti-Pattern 1 (6.25%)
scoreBusiness = 0.9375
Total score = 0.979166666667
