['./datasets/DatasetURIs.csv']

-------------------- API --------------------

Number of providers = 1
Number of services = 3
Number of resources = 69
Number of controllers = 19
Number of queries = 0
Number of methods = 113
 - 1 PATCH (0.88%)
 - 12 PUT (10.62%)
 - 31 POST (27.43%)
 - 18 DELETE (15.93%)
 - 51 GET (45.13%)

-------------------- LEXICON --------------------

********************************************************************************
********************************************************************************
********************************************************************************
******************************     0 terms are common to 0 of 1 providers      ******************************
******************************     52 terms are common to 1 of 1 providers      ******************************

Number of terms = 52
Number of nouns = 35 (67.31%)
Number of verbs = 17 (32.69%)
Number of singular terms = 9 (17.31%)
Number of plural terms = 43 (82.69%)
Number of lower case terms = 52 (100.00%)
Number of upper case terms = 0 (0.00%)
Number of camel case terms = 0 (0.00%)
Number of hyphen terms = 0 (0.00%)
Number of underscore terms = 2 (3.85%)
Number of business terms = 51 (98.08%)
Number of engineering terms = 1 (1.92%)


-------------------- QUALITY --------------------

IBM Bluemix is REST ;-)
scoreRest = 0.83185840708
IBM Bluemix: GOOD API naming or API Naming Uniformity Pattern
scoreNaming = 1.0
IBM Bluemix: BAD business API design or Engineering-Oriented API Naming Anti-Pattern 1 (1.92%)
scoreBusiness = 0.980769230769
Total score = 0.93754254595
