['./datasets/DatasetURIs.csv']

-------------------- API --------------------

Number of providers = 1
Number of services = 1091
Number of resources = 4931
Number of controllers = 346
Number of queries = 18
Number of methods = 8248
 - 4 HEAD (0.05%)
 - 4107 GET (49.79%)
 - 555 PATCH (6.73%)
 - 632 PUT (7.66%)
 - 1832 POST (22.21%)
 - 178 OPTIONS (2.16%)
 - 940 DELETE (11.40%)

-------------------- LEXICON --------------------

********************************************************************************
********************************************************************************
********************************************************************************
******************************     0 terms are common to 0 of 1 providers      ******************************
******************************     1518 terms are common to 1 of 1 providers      ******************************

Number of terms = 1518
Number of nouns = 1338 (88.14%)
Number of verbs = 180 (11.86%)
Number of singular terms = 611 (40.25%)
Number of plural terms = 907 (59.75%)
Number of lower case terms = 608 (40.05%)
Number of upper case terms = 1 (0.07%)
Number of camel case terms = 909 (59.88%)
Number of hyphen terms = 0 (0.00%)
Number of underscore terms = 15 (0.99%)
Number of business terms = 1515 (99.80%)
Number of engineering terms = 3 (0.20%)


-------------------- QUALITY --------------------

Oracle Cloud is REST ;-)
scoreRest = 0.958050436469
Oracle Cloud: BAD API naming or API Naming Inconsistency Anti-Pattern
scoreNaming = 0.598814229249
Oracle Cloud: BAD business API design or Engineering-Oriented API Naming Anti-Pattern 3 (0.20%)
scoreBusiness = 0.998023715415
Total score = 0.851629460378
