--------------------------------------------------------------------------------
Read-Only Pattern - 130 detected:
 * https://appengine.googleapis.com/v1/apps/{appsId}/services
 * https://appengine.googleapis.com/v1/apps/{appsId}/services/{serviceName}/versions/{versionsId}/instances
 * https://appengine.googleapis.com/v1/apps/{appsId}/operations
 * https://appengine.googleapis.com/v1/apps/{appsId}/operations/{operationsId}
 * https://appengine.googleapis.com/v1/apps/{appsId}/locations
 * https://appengine.googleapis.com/v1/apps/{appsId}/locations/{locationsId}
 * https://www.googleapis.com/clouduseraccounts/vm_beta/projects/{project}/global/operations
 * https://www.googleapis.com/compute/v1/projects/{project}/global/snapshots
 * https://www.googleapis.com/compute/v1/projects/{project}/global/licenses/{license}
 * https://www.googleapis.com/compute/v1/projects/{project}/global/operations
 * https://www.googleapis.com/compute/v1/projects/{project}/global/images/family/{family}
 * https://www.googleapis.com/compute/v1/projects/{project}/regions
 * https://www.googleapis.com/compute/v1/projects/{project}/regions/{region}
 * https://www.googleapis.com/compute/v1/projects/{project}/regions/{region}/instanceGroups
 * https://www.googleapis.com/compute/v1/projects/{project}/regions/{region}/commitments/{commitment}
 * https://www.googleapis.com/compute/v1/projects/{project}/regions/{region}/operations
 * https://www.googleapis.com/compute/v1/projects/{project}/aggregated/addresses
 * https://www.googleapis.com/compute/v1/projects/{project}/aggregated/diskTypes
 * https://www.googleapis.com/compute/v1/projects/{project}/aggregated/instances
 * https://www.googleapis.com/compute/v1/projects/{project}/aggregated/backendServices
 * https://www.googleapis.com/compute/v1/projects/{project}/aggregated/operations
 * https://www.googleapis.com/compute/v1/projects/{project}/aggregated/subnetworks
 * https://www.googleapis.com/compute/v1/projects/{project}/aggregated/instanceGroups
 * https://www.googleapis.com/compute/v1/projects/{project}/aggregated/forwardingRules
 * https://www.googleapis.com/compute/v1/projects/{project}/aggregated/targetInstances
 * https://www.googleapis.com/compute/v1/projects/{project}/aggregated/routers
 * https://www.googleapis.com/compute/v1/projects/{project}/aggregated/targetPools
 * https://www.googleapis.com/compute/v1/projects/{project}/aggregated/machineTypes
 * https://www.googleapis.com/compute/v1/projects/{project}/aggregated/commitments
 * https://www.googleapis.com/compute/v1/projects/{project}/aggregated/targetVpnGateways
 * https://www.googleapis.com/compute/v1/projects/{project}/aggregated/instanceGroupManagers
 * https://www.googleapis.com/compute/v1/projects/{project}/aggregated/acceleratorTypes
 * https://www.googleapis.com/compute/v1/projects/{project}/aggregated/autoscalers
 * https://www.googleapis.com/compute/v1/projects/{project}/aggregated/disks
 * https://www.googleapis.com/compute/v1/projects/{project}/aggregated/vpnTunnels
 * https://www.googleapis.com/compute/v1/projects/{project}/zones
 * https://www.googleapis.com/compute/v1/projects/{project}/zones/{zone}
 * https://www.googleapis.com/compute/v1/projects/{project}/zones/{zone}/diskTypes
 * https://www.googleapis.com/compute/v1/projects/{project}/zones/{zone}/diskTypes/{diskType}
 * https://www.googleapis.com/compute/v1/projects/{project}/zones/{zone}/instances/{instance}/serialPort
 * https://www.googleapis.com/compute/v1/projects/{project}/zones/{zone}/machineTypes
 * https://www.googleapis.com/compute/v1/projects/{project}/zones/{zone}/machineTypes/{machineType}
 * https://www.googleapis.com/compute/v1/projects/{project}/zones/{zone}/acceleratorTypes
 * https://www.googleapis.com/compute/v1/projects/{project}/zones/{zone}/acceleratorTypes/{acceleratorType}
 * https://www.googleapis.com/compute/v1/projects/{project}/zones/{zone}/operations
 * https://container.googleapis.com/v1/projects/{projectId}/zones/{zone}/serverconfig
 * https://container.googleapis.com/v1/projects/{projectId}/zones/{zone}/operations
 * https://bigtableadmin.googleapis.com/v2/operations
 * https://datastore.googleapis.com/v1/projects/{projectId}/operations
 * https://www.googleapis.com/sql/v1beta4/projects/{project}/operations
 * https://www.googleapis.com/sql/v1beta4/projects/{project}/operations/{operation}
 * https://www.googleapis.com/sql/v1beta4/projects/{project}/tiers
 * https://www.googleapis.com/sql/v1beta4/flags
 * https://www.googleapis.com/storage/v1/projects/{projectId}/serviceAccount
 * https://storagetransfer.googleapis.com/v1/transferOperations
 * https://storagetransfer.googleapis.com/v1/googleServiceAccounts/{projectId}
 * https://www.googleapis.com/dns/v1/projects/{project}
 * https://www.googleapis.com/dns/v1/projects/{project}/managedZones/{managedZone}/changes/{changeId}
 * https://www.googleapis.com/dns/v1/projects/{project}/managedZones/{managedZone}/rrsets
 * https://www.googleapis.com/bigquery/v2/projects
 * https://www.googleapis.com/bigquery/v2/projects/{projectId}/datasets/{datasetId}/tables/{tableId}/data
 * https://www.googleapis.com/bigquery/v2/projects/{projectId}/queries/{jobId}
 * https://dataflow.googleapis.com/v1b3/projects/{projectId}/jobs/{jobId}/metrics
 * https://dataflow.googleapis.com/v1b3/projects/{projectId}/jobs/{jobId}/messages
 * https://dataflow.googleapis.com/v1b3/projects/{projectId}/locations/{location}/jobs/{jobId}/metrics
 * https://dataflow.googleapis.com/v1b3/projects/{projectId}/locations/{location}/jobs/{jobId}/messages
 * https://dataproc.googleapis.com/v1/projects/{projectId}/regions/{region}/operations
 * https://genomics.googleapis.com/v1/operations
 * https://genomics.googleapis.com/v1/referencesets/{referenceSetId}
 * https://genomics.googleapis.com/v1/readgroupsets/{readGroupSetId}/coveragebuckets
 * https://genomics.googleapis.com/v1/references/{referenceId}
 * https://genomics.googleapis.com/v1/references/{referenceId}/bases
 * https://pubsub.googleapis.com/v1/projects/{projectId}/topics
 * https://pubsub.googleapis.com/v1/projects/{projectId}/topics/{topicsId}/subscriptions
 * https://pubsub.googleapis.com/v1/projects/{projectId}/subscriptions
 * https://speech.googleapis.com/v1/operations
 * https://translation.googleapis.com/language/translate/v2/languages
 * https://cloudbilling.googleapis.com/v1/services
 * https://cloudbilling.googleapis.com/v1/services/{serviceName}/skus
 * https://cloudbilling.googleapis.com/v1/billingAccounts
 * https://cloudbilling.googleapis.com/v1/billingAccounts/{billingAccountsId}
 * https://cloudbilling.googleapis.com/v1/billingAccounts/{billingAccountsId}/projects
 * https://cloudbuild.googleapis.com/v1/operations
 * https://clouddebugger.googleapis.com/v2/controller/debuggees/{debuggeeId}/breakpoints
 * https://clouddebugger.googleapis.com/v2/debugger/debuggees
 * https://clouderrorreporting.googleapis.com/v1beta1/projects/{projectId}/groupStats
 * https://www.googleapis.com/deploymentmanager/v2/projects/{project}/global/operations
 * https://www.googleapis.com/deploymentmanager/v2/projects/{project}/global/operations/{operation}
 * https://www.googleapis.com/deploymentmanager/v2/projects/{project}/global/deployments/{deployment}/manifests
 * https://www.googleapis.com/deploymentmanager/v2/projects/{project}/global/deployments/{deployment}/manifests/{manifest}
 * https://www.googleapis.com/deploymentmanager/v2/projects/{project}/global/deployments/{deployment}/resources
 * https://www.googleapis.com/deploymentmanager/v2/projects/{project}/global/deployments/{deployment}/resources/{resource}
 * https://www.googleapis.com/deploymentmanager/v2/projects/{project}/global/types
 * https://logging.googleapis.com/v2/folders/{foldersId}/logs
 * https://logging.googleapis.com/v2/organizations/{organizationsId}/logs
 * https://logging.googleapis.com/v2/billingAccounts/{billingAccountsId}/logs
 * https://logging.googleapis.com/v2/monitoredResourceDescriptors
 * https://logging.googleapis.com/v2/projects/{projectId}/logs
 * https://monitoring.googleapis.com/v3/projects/{projectId}/monitoredResourceDescriptors
 * https://monitoring.googleapis.com/v3/projects/{projectId}/monitoredResourceDescriptors/{monitoredResourceDescriptorsId}
 * https://monitoring.googleapis.com/v3/projects/{projectId}/groups/{groupsId}/members
 * https://runtimeconfig.googleapis.com/v1/operations
 * https://iam.googleapis.com/v1/roles/{rolesId}
 * https://cloudfunctions.googleapis.com/v1/operations
 * https://cloudfunctions.googleapis.com/v1/operations/{operationsId}
 * https://cloudfunctions.googleapis.com/v1/projects/{projectId}/locations
 * https://cloudkms.googleapis.com/v1/projects/{projectId}/locations
 * https://cloudkms.googleapis.com/v1/projects/{projectId}/locations/{locationsId}
 * https://dlp.googleapis.com/v2beta1/rootCategories
 * https://dlp.googleapis.com/v2beta1/rootCategories/{rootCategoriesId}/infoTypes
 * https://oslogin.googleapis.com/v1alpha/users/{usersId}/loginProfile
 * https://ml.googleapis.com/v1/projects/{projectId}/operations
 * https://www.googleapis.com/resourceviews/v1beta2/projects/{project}/zones/{zone}/resourceViews/{resourceView}/resources
 * https://www.googleapis.com/resourceviews/v1beta2/projects/{project}/zones/{zone}/operations
 * https://www.googleapis.com/resourceviews/v1beta2/projects/{project}/zones/{zone}/operations/{operation}
 * https://servicemanagement.googleapis.com/v1/operations
 * https://servicemanagement.googleapis.com/v1/operations/{operationsId}
 * https://servicemanagement.googleapis.com/v1/services/{serviceName}/config
 * https://servicemanagement.googleapis.com/v1/services/{serviceName}/configs/{configId}
 * https://servicemanagement.googleapis.com/v1/services/{serviceName}/rollouts/{rolloutId}
 * https://serviceuser.googleapis.com/v1/projects/{projectId}/services
 * https://spanner.googleapis.com/v1/projects/{projectId}/instances/{instancesId}/operations
 * https://spanner.googleapis.com/v1/projects/{projectId}/instances/{instancesId}/databases/{databasesId}/operations
 * https://spanner.googleapis.com/v1/projects/{projectId}/instanceConfigs
 * https://spanner.googleapis.com/v1/projects/{projectId}/instanceConfigs/{instanceConfigsId}
 * https://bigquerydatatransfer.googleapis.com/v1/projects/{projectId}/dataSources
 * https://bigquerydatatransfer.googleapis.com/v1/projects/{projectId}/locations
 * https://bigquerydatatransfer.googleapis.com/v1/projects/{projectId}/locations/{locationsId}/transferConfigs/{transferConfigsId}/runs
 * https://bigquerydatatransfer.googleapis.com/v1/projects/{projectId}/locations/{locationsId}/dataSources
 * https://bigquerydatatransfer.googleapis.com/v1/projects/{projectId}/transferConfigs/{transferConfigsId}/runs

--------------------------------------------------------------------------------
Resource Pattern - 188 detected:
 * https://appengine.googleapis.com/v1/apps/{appsId}
 * https://appengine.googleapis.com/v1/apps/{appsId}/services/{serviceName}
 * https://appengine.googleapis.com/v1/apps/{appsId}/services/{serviceName}/versions/{versionsId}
 * https://appengine.googleapis.com/v1/apps/{appsId}/services/{serviceName}/versions/{versionsId}/instances/{instancesId}
 * https://appengine.googleapis.com/v1/apps/{appsId}/operations/{operationsId}
 * https://appengine.googleapis.com/v1/apps/{appsId}/locations/{locationsId}
 * https://www.googleapis.com/clouduseraccounts/vm_beta/projects/{project}/global/operations/{operation}
 * https://www.googleapis.com/clouduseraccounts/vm_beta/projects/{project}/global/users/{user}
 * https://www.googleapis.com/clouduseraccounts/vm_beta/projects/{project}/global/groups/{groupName}
 * https://www.googleapis.com/clouduseraccounts/vm_beta/projects/{project}/zones/{zone}/authorizedKeysView/{user}
 * https://www.googleapis.com/compute/v1/projects/{project}
 * https://www.googleapis.com/compute/v1/projects/{project}/global/targetTcpProxies/{targetTcpProxy}
 * https://www.googleapis.com/compute/v1/projects/{project}/global/backendBuckets/{backendBucket}
 * https://www.googleapis.com/compute/v1/projects/{project}/global/urlMaps/{urlMap}
 * https://www.googleapis.com/compute/v1/projects/{project}/global/addresses/{address}
 * https://www.googleapis.com/compute/v1/projects/{project}/global/snapshots/{resource}
 * https://www.googleapis.com/compute/v1/projects/{project}/global/snapshots/{snapshot}
 * https://www.googleapis.com/compute/v1/projects/{project}/global/backendServices/{backendService}
 * https://www.googleapis.com/compute/v1/projects/{project}/global/licenses/{license}
 * https://www.googleapis.com/compute/v1/projects/{project}/global/healthChecks/{healthCheck}
 * https://www.googleapis.com/compute/v1/projects/{project}/global/targetHttpsProxies/{targetHttpsProxy}
 * https://www.googleapis.com/compute/v1/projects/{project}/global/networks/{network}
 * https://www.googleapis.com/compute/v1/projects/{project}/global/targetSslProxies/{targetSslProxy}
 * https://www.googleapis.com/compute/v1/projects/{project}/global/operations/{operation}
 * https://www.googleapis.com/compute/v1/projects/{project}/global/instanceTemplates/{instanceTemplate}
 * https://www.googleapis.com/compute/v1/projects/{project}/global/forwardingRules/{forwardingRule}
 * https://www.googleapis.com/compute/v1/projects/{project}/global/httpsHealthChecks/{httpsHealthCheck}
 * https://www.googleapis.com/compute/v1/projects/{project}/global/images/{image}
 * https://www.googleapis.com/compute/v1/projects/{project}/global/images/{resource}
 * https://www.googleapis.com/compute/v1/projects/{project}/global/images/family/{family}
 * https://www.googleapis.com/compute/v1/projects/{project}/global/httpHealthChecks/{httpHealthCheck}
 * https://www.googleapis.com/compute/v1/projects/{project}/global/targetHttpProxies/{targetHttpProxy}
 * https://www.googleapis.com/compute/v1/projects/{project}/global/sslCertificates/{sslCertificate}
 * https://www.googleapis.com/compute/v1/projects/{project}/global/routes/{route}
 * https://www.googleapis.com/compute/v1/projects/{project}/global/firewalls/{firewall}
 * https://www.googleapis.com/compute/v1/projects/{project}/regions/{region}
 * https://www.googleapis.com/compute/v1/projects/{project}/regions/{region}/addresses/{address}
 * https://www.googleapis.com/compute/v1/projects/{project}/regions/{region}/backendServices/{backendService}
 * https://www.googleapis.com/compute/v1/projects/{project}/regions/{region}/autoscalers/{autoscaler}
 * https://www.googleapis.com/compute/v1/projects/{project}/regions/{region}/instanceGroups/{instanceGroup}
 * https://www.googleapis.com/compute/v1/projects/{project}/regions/{region}/subnetworks/{subnetwork}
 * https://www.googleapis.com/compute/v1/projects/{project}/regions/{region}/forwardingRules/{forwardingRule}
 * https://www.googleapis.com/compute/v1/projects/{project}/regions/{region}/routers/{router}
 * https://www.googleapis.com/compute/v1/projects/{project}/regions/{region}/targetPools/{targetPool}
 * https://www.googleapis.com/compute/v1/projects/{project}/regions/{region}/instanceGroupManagers/{instanceGroupManager}
 * https://www.googleapis.com/compute/v1/projects/{project}/regions/{region}/commitments/{commitment}
 * https://www.googleapis.com/compute/v1/projects/{project}/regions/{region}/targetVpnGateways/{targetVpnGateway}
 * https://www.googleapis.com/compute/v1/projects/{project}/regions/{region}/vpnTunnels/{vpnTunnel}
 * https://www.googleapis.com/compute/v1/projects/{project}/regions/{region}/operations/{operation}
 * https://www.googleapis.com/compute/v1/projects/{project}/zones/{zone}
 * https://www.googleapis.com/compute/v1/projects/{project}/zones/{zone}/diskTypes/{diskType}
 * https://www.googleapis.com/compute/v1/projects/{project}/zones/{zone}/instances/{instance}
 * https://www.googleapis.com/compute/v1/projects/{project}/zones/{zone}/instanceGroups/{instanceGroup}
 * https://www.googleapis.com/compute/v1/projects/{project}/zones/{zone}/targetInstances/{targetInstance}
 * https://www.googleapis.com/compute/v1/projects/{project}/zones/{zone}/machineTypes/{machineType}
 * https://www.googleapis.com/compute/v1/projects/{project}/zones/{zone}/instanceGroupManagers/{instanceGroupManager}
 * https://www.googleapis.com/compute/v1/projects/{project}/zones/{zone}/acceleratorTypes/{acceleratorType}
 * https://www.googleapis.com/compute/v1/projects/{project}/zones/{zone}/autoscalers/{autoscaler}
 * https://www.googleapis.com/compute/v1/projects/{project}/zones/{zone}/disks/{resource}
 * https://www.googleapis.com/compute/v1/projects/{project}/zones/{zone}/disks/{disk}
 * https://www.googleapis.com/compute/v1/projects/{project}/zones/{zone}/operations/{operation}
 * https://www.googleapis.com/compute/v1/projects/{project}/targetHttpsProxies/{targetHttpsProxy}
 * https://www.googleapis.com/compute/v1/projects/{project}/targetHttpProxies/{targetHttpProxy}
 * https://container.googleapis.com/v1/projects/{projectId}/zones/{zone}/operations/{operationId}
 * https://container.googleapis.com/v1/projects/{projectId}/zones/{zone}/clusters/{clusterId}
 * https://container.googleapis.com/v1/projects/{projectId}/zones/{zone}/clusters/{clusterId}/nodePools/{nodePoolId}
 * https://bigtableadmin.googleapis.com/v2/operations/{operationsId}
 * https://bigtableadmin.googleapis.com/v2/projects/{projectId}/instances/{instancesId}
 * https://bigtableadmin.googleapis.com/v2/projects/{projectId}/instances/{instancesId}/tables/{tablesId}
 * https://bigtableadmin.googleapis.com/v2/projects/{projectId}/instances/{instancesId}/clusters/{clustersId}
 * https://datastore.googleapis.com/v1/projects/{projectId}
 * https://datastore.googleapis.com/v1/projects/{projectId}/operations/{operationsId}
 * https://www.googleapis.com/sql/v1beta4/projects/{project}/operations/{operation}
 * https://www.googleapis.com/sql/v1beta4/projects/{project}/instances/{instance}
 * https://www.googleapis.com/sql/v1beta4/projects/{project}/instances/{instance}/databases/{database}
 * https://www.googleapis.com/sql/v1beta4/projects/{project}/instances/{instance}/sslCerts/{sha1Fingerprint}
 * https://www.googleapis.com/sql/v1beta4/projects/{project}/instances/{instance}/backupRuns/{id}
 * https://www.googleapis.com/storage/v1/b/{bucket}
 * https://www.googleapis.com/storage/v1/b/{bucket}/defaultObjectAcl/{entity}
 * https://www.googleapis.com/storage/v1/b/{bucket}/acl/{entity}
 * https://www.googleapis.com/storage/v1/b/{bucket}/notificationConfigs/{notification}
 * https://www.googleapis.com/storage/v1/b/{bucket}/o/{object}
 * https://www.googleapis.com/storage/v1/b/{bucket}/o/{object}/acl/{entity}
 * https://www.googleapis.com/storage/v1/b/{destinationBucket}/o/{destinationObject}
 * https://www.googleapis.com/storage/v1/b/{sourceBucket}/o/{sourceObject}/rewriteTo/b/{destinationBucket}/o/{destinationObject}
 * https://www.googleapis.com/storage/v1/b/{sourceBucket}/o/{sourceObject}/copyTo/b/{destinationBucket}/o/{destinationObject}
 * https://storagetransfer.googleapis.com/v1/transferOperations/{transferOperationsId}
 * https://storagetransfer.googleapis.com/v1/googleServiceAccounts/{projectId}
 * https://storagetransfer.googleapis.com/v1/transferJobs/{transferJobsId}
 * https://www.googleapis.com/dns/v1/projects/{project}
 * https://www.googleapis.com/dns/v1/projects/{project}/managedZones/{managedZone}
 * https://www.googleapis.com/dns/v1/projects/{project}/managedZones/{managedZone}/changes/{changeId}
 * https://www.googleapis.com/bigquery/v2/projects/{projectId}/datasets/{datasetId}
 * https://www.googleapis.com/bigquery/v2/projects/{projectId}/datasets/{datasetId}/tables/{tableId}
 * https://www.googleapis.com/bigquery/v2/projects/{projectId}/jobs/{jobId}
 * https://www.googleapis.com/bigquery/v2/projects/{projectId}/queries/{jobId}
 * https://dataflow.googleapis.com/v1b3/projects/{projectId}/jobs/{jobId}
 * https://dataflow.googleapis.com/v1b3/projects/{projectId}/locations/{location}/jobs/{jobId}
 * https://dataproc.googleapis.com/v1/projects/{projectId}/regions/{region}/operations/{operationsId}
 * https://dataproc.googleapis.com/v1/projects/{projectId}/regions/{region}/clusters/{clusterName}
 * https://dataproc.googleapis.com/v1/projects/{projectId}/regions/{region}/jobs/{jobId}
 * https://genomics.googleapis.com/v1/operations/{operationsId}
 * https://genomics.googleapis.com/v1/datasets/{datasetId}
 * https://genomics.googleapis.com/v1/referencesets/{referenceSetId}
 * https://genomics.googleapis.com/v1/callsets/{callSetId}
 * https://genomics.googleapis.com/v1/readgroupsets/{readGroupSetId}
 * https://genomics.googleapis.com/v1/references/{referenceId}
 * https://genomics.googleapis.com/v1/variants/{variantId}
 * https://genomics.googleapis.com/v1/annotations/{annotationId}
 * https://genomics.googleapis.com/v1/annotationsets/{annotationSetId}
 * https://genomics.googleapis.com/v1/variantsets/{variantSetId}
 * https://pubsub.googleapis.com/v1/projects/{projectId}/topics/{topicsId}
 * https://pubsub.googleapis.com/v1/projects/{projectId}/snapshots/{snapshotsId}
 * https://pubsub.googleapis.com/v1/projects/{projectId}/subscriptions/{subscriptionsId}
 * https://speech.googleapis.com/v1/operations/{operationsId}
 * https://cloudbilling.googleapis.com/v1/billingAccounts/{billingAccountsId}
 * https://cloudbuild.googleapis.com/v1/operations/{operationsId}
 * https://cloudbuild.googleapis.com/v1/projects/{projectId}/builds/{id}
 * https://cloudbuild.googleapis.com/v1/projects/{projectId}/triggers/{triggerId}
 * https://clouddebugger.googleapis.com/v2/controller/debuggees/{debuggeeId}/breakpoints/{id}
 * https://clouddebugger.googleapis.com/v2/debugger/debuggees/{debuggeeId}/breakpoints/{breakpointId}
 * https://clouderrorreporting.googleapis.com/v1beta1/projects/{projectId}/groups/{groupsId}
 * https://cloudtrace.googleapis.com/v2/projects/{projectId}/traces/{tracesId}
 * https://cloudtrace.googleapis.com/v2/projects/{projectId}/traces/{tracesId}/spans/{spansId}
 * https://www.googleapis.com/deploymentmanager/v2/projects/{project}/global/operations/{operation}
 * https://www.googleapis.com/deploymentmanager/v2/projects/{project}/global/deployments/{deployment}
 * https://www.googleapis.com/deploymentmanager/v2/projects/{project}/global/deployments/{deployment}/manifests/{manifest}
 * https://www.googleapis.com/deploymentmanager/v2/projects/{project}/global/deployments/{deployment}/resources/{resource}
 * https://www.googleapis.com/deploymentmanager/v2/projects/{project}/global/deployments/{resource}
 * https://logging.googleapis.com/v2/folders/{foldersId}/sinks/{sinksId}
 * https://logging.googleapis.com/v2/folders/{foldersId}/logs/{logsId}
 * https://logging.googleapis.com/v2/organizations/{organizationsId}/sinks/{sinksId}
 * https://logging.googleapis.com/v2/organizations/{organizationsId}/logs/{logsId}
 * https://logging.googleapis.com/v2/billingAccounts/{billingAccountsId}/sinks/{sinksId}
 * https://logging.googleapis.com/v2/billingAccounts/{billingAccountsId}/logs/{logsId}
 * https://logging.googleapis.com/v2/projects/{projectId}/metrics/{metricsId}
 * https://logging.googleapis.com/v2/projects/{projectId}/sinks/{sinksId}
 * https://logging.googleapis.com/v2/projects/{projectId}/logs/{logsId}
 * https://monitoring.googleapis.com/v3/projects/{projectId}
 * https://monitoring.googleapis.com/v3/projects/{projectId}/monitoredResourceDescriptors/{monitoredResourceDescriptorsId}
 * https://monitoring.googleapis.com/v3/projects/{projectId}/groups/{groupsId}
 * https://monitoring.googleapis.com/v3/projects/{projectId}/metricDescriptors/{metricDescriptorsId}
 * https://runtimeconfig.googleapis.com/v1/operations/{operationsId}
 * https://cloudresourcemanager.googleapis.com/v2beta1/folders/{foldersId}
 * https://iam.googleapis.com/v1/organizations/{organizationsId}/roles/{rolesId}
 * https://iam.googleapis.com/v1/roles/{rolesId}
 * https://iam.googleapis.com/v1/projects/{projectId}/serviceAccounts/{serviceAccountsId}
 * https://iam.googleapis.com/v1/projects/{projectId}/serviceAccounts/{serviceAccountsId}/keys/{keysId}
 * https://iam.googleapis.com/v1/projects/{projectId}/roles/{rolesId}
 * https://www.googleapis.com/prediction/v1.6/projects/{project}/trainedmodels/{id}
 * https://www.googleapis.com/prediction/v1.6/projects/{project}/hostedmodels/{hostedModelName}
 * https://cloudfunctions.googleapis.com/v1/operations/{operationsId}
 * https://cloudkms.googleapis.com/v1/projects/{projectId}/locations/{locationsId}
 * https://cloudkms.googleapis.com/v1/projects/{projectId}/locations/{locationsId}/keyRings/{keyRingsId}
 * https://cloudkms.googleapis.com/v1/projects/{projectId}/locations/{locationsId}/keyRings/{keyRingsId}/cryptoKeys/{cryptoKeysId}
 * https://cloudkms.googleapis.com/v1/projects/{projectId}/locations/{locationsId}/keyRings/{keyRingsId}/cryptoKeys/{cryptoKeysId}/cryptoKeyVersions/{cryptoKeyVersionsId}
 * https://dlp.googleapis.com/v2beta1/inspect/operations/{operationsId}
 * https://dlp.googleapis.com/v2beta1/inspect/results/{resultsId}
 * https://oslogin.googleapis.com/v1alpha/users/{usersId}
 * https://oslogin.googleapis.com/v1alpha/users/{usersId}/sshPublicKeys/{sshPublicKeysId}
 * https://ml.googleapis.com/v1/projects/{projectId}
 * https://ml.googleapis.com/v1/projects/{projectId}/models/{modelsId}
 * https://ml.googleapis.com/v1/projects/{projectId}/models/{modelsId}/versions/{versionsId}
 * https://ml.googleapis.com/v1/projects/{projectId}/operations/{operationsId}
 * https://ml.googleapis.com/v1/projects/{projectId}/jobs/{jobsId}
 * https://www.googleapis.com/resourceviews/v1beta2/projects/{project}/zones/{zone}/resourceViews/{resourceView}
 * https://www.googleapis.com/resourceviews/v1beta2/projects/{project}/zones/{zone}/operations/{operation}
 * https://servicecontrol.googleapis.com/v1/services/{serviceName}
 * https://servicemanagement.googleapis.com/v1/operations/{operationsId}
 * https://servicemanagement.googleapis.com/v1/services/{serviceName}
 * https://servicemanagement.googleapis.com/v1/services/{serviceName}/configs/{configId}
 * https://servicemanagement.googleapis.com/v1/services/{serviceName}/consumers/{consumersId}
 * https://servicemanagement.googleapis.com/v1/services/{serviceName}/rollouts/{rolloutId}
 * https://serviceuser.googleapis.com/v1/projects/{projectId}/services/{serviceName}
 * https://spanner.googleapis.com/v1/projects/{projectId}/instances/{instancesId}
 * https://spanner.googleapis.com/v1/projects/{projectId}/instances/{instancesId}/operations/{operationsId}
 * https://spanner.googleapis.com/v1/projects/{projectId}/instances/{instancesId}/databases/{databasesId}
 * https://spanner.googleapis.com/v1/projects/{projectId}/instances/{instancesId}/databases/{databasesId}/operations/{operationsId}
 * https://spanner.googleapis.com/v1/projects/{projectId}/instances/{instancesId}/databases/{databasesId}/sessions/{sessionsId}
 * https://spanner.googleapis.com/v1/projects/{projectId}/instanceConfigs/{instanceConfigsId}
 * https://bigquerydatatransfer.googleapis.com/v1/projects/{projectId}
 * https://bigquerydatatransfer.googleapis.com/v1/projects/{projectId}/dataSources/{dataSourcesId}
 * https://bigquerydatatransfer.googleapis.com/v1/projects/{projectId}/locations/{locationsId}
 * https://bigquerydatatransfer.googleapis.com/v1/projects/{projectId}/locations/{locationsId}/transferConfigs/{transferConfigsId}
 * https://bigquerydatatransfer.googleapis.com/v1/projects/{projectId}/locations/{locationsId}/transferConfigs/{transferConfigsId}/runs/{runsId}
 * https://bigquerydatatransfer.googleapis.com/v1/projects/{projectId}/locations/{locationsId}/dataSources/{dataSourcesId}
 * https://bigquerydatatransfer.googleapis.com/v1/projects/{projectId}/transferConfigs/{transferConfigsId}
 * https://bigquerydatatransfer.googleapis.com/v1/projects/{projectId}/transferConfigs/{transferConfigsId}/runs/{runsId}

--------------------------------------------------------------------------------
Singleton Resource Pattern - 15 detected:
 * https://www.googleapis.com/sql/v1beta4/flags
 * https://www.googleapis.com/storage/v1/channels
 * https://storagetransfer.googleapis.com/v1
 * https://genomics.googleapis.com/v1/reads
 * https://vision.googleapis.com/v1/images
 * https://speech.googleapis.com/v1/speech
 * https://language.googleapis.com/v1/documents
 * https://translation.googleapis.com/language/translate/v2
 * https://translation.googleapis.com/language/translate/v2/languages
 * https://logging.googleapis.com/v2/entries
 * https://logging.googleapis.com/v2/monitoredResourceDescriptors
 * https://iam.googleapis.com/v1/permissions
 * https://dlp.googleapis.com/v2beta1/content
 * https://serviceuser.googleapis.com/v1/services
 * https://videointelligence.googleapis.com/v1beta1/videos

--------------------------------------------------------------------------------
SubResource Pattern - 66 detected:
 * https://www.googleapis.com/clouduseraccounts/vm_beta/projects/{project}/zones/{zone}/linuxAccountViews
 * https://www.googleapis.com/compute/v1/projects/{project}/aggregated/addresses
 * https://www.googleapis.com/compute/v1/projects/{project}/aggregated/diskTypes
 * https://www.googleapis.com/compute/v1/projects/{project}/aggregated/instances
 * https://www.googleapis.com/compute/v1/projects/{project}/aggregated/backendServices
 * https://www.googleapis.com/compute/v1/projects/{project}/aggregated/operations
 * https://www.googleapis.com/compute/v1/projects/{project}/aggregated/subnetworks
 * https://www.googleapis.com/compute/v1/projects/{project}/aggregated/instanceGroups
 * https://www.googleapis.com/compute/v1/projects/{project}/aggregated/forwardingRules
 * https://www.googleapis.com/compute/v1/projects/{project}/aggregated/targetInstances
 * https://www.googleapis.com/compute/v1/projects/{project}/aggregated/routers
 * https://www.googleapis.com/compute/v1/projects/{project}/aggregated/targetPools
 * https://www.googleapis.com/compute/v1/projects/{project}/aggregated/machineTypes
 * https://www.googleapis.com/compute/v1/projects/{project}/aggregated/commitments
 * https://www.googleapis.com/compute/v1/projects/{project}/aggregated/targetVpnGateways
 * https://www.googleapis.com/compute/v1/projects/{project}/aggregated/instanceGroupManagers
 * https://www.googleapis.com/compute/v1/projects/{project}/aggregated/acceleratorTypes
 * https://www.googleapis.com/compute/v1/projects/{project}/aggregated/autoscalers
 * https://www.googleapis.com/compute/v1/projects/{project}/aggregated/disks
 * https://www.googleapis.com/compute/v1/projects/{project}/aggregated/vpnTunnels
 * https://www.googleapis.com/compute/v1/projects/{project}/zones/{zone}/instances/{instance}/serialPort
 * https://container.googleapis.com/v1/projects/{projectId}/zones/{zone}/serverconfig
 * https://container.googleapis.com/v1/projects/{projectId}/zones/{zone}/clusters/{clusterId}/logging
 * https://container.googleapis.com/v1/projects/{projectId}/zones/{zone}/clusters/{clusterId}/locations
 * https://container.googleapis.com/v1/projects/{projectId}/zones/{zone}/clusters/{clusterId}/legacyAbac
 * https://container.googleapis.com/v1/projects/{projectId}/zones/{zone}/clusters/{clusterId}/master
 * https://container.googleapis.com/v1/projects/{projectId}/zones/{zone}/clusters/{clusterId}/monitoring
 * https://container.googleapis.com/v1/projects/{projectId}/zones/{zone}/clusters/{clusterId}/addons
 * https://container.googleapis.com/v1/projects/{projectId}/zones/{zone}/clusters/{clusterId}/resourceLabels
 * https://container.googleapis.com/v1/projects/{projectId}/zones/{zone}/clusters/{clusterId}/nodePools/{nodePoolId}/autoscaling
 * https://www.googleapis.com/sql/v1beta4/projects/{project}/tiers
 * https://www.googleapis.com/sql/v1beta4/projects/{project}/instances/{instance}/users
 * https://www.googleapis.com/storage/v1/b/{bucket}/o/{object}/iam
 * https://www.googleapis.com/storage/v1/b/{bucket}/iam
 * https://www.googleapis.com/storage/v1/projects/{projectId}/serviceAccount
 * https://www.googleapis.com/dns/v1/projects/{project}/managedZones/{managedZone}/rrsets
 * https://www.googleapis.com/bigquery/v2/projects/{projectId}/datasets/{datasetId}/tables/{tableId}/data
 * https://dataflow.googleapis.com/v1b3/projects/{projectId}/WorkerMessages
 * https://dataflow.googleapis.com/v1b3/projects/{projectId}/templates
 * https://dataflow.googleapis.com/v1b3/projects/{projectId}/jobs/{jobId}/metrics
 * https://dataflow.googleapis.com/v1b3/projects/{projectId}/jobs/{jobId}/debug
 * https://dataflow.googleapis.com/v1b3/projects/{projectId}/jobs/{jobId}/messages
 * https://dataflow.googleapis.com/v1b3/projects/{projectId}/jobs/{jobId}/workItems
 * https://dataflow.googleapis.com/v1b3/projects/{projectId}/locations/{location}/WorkerMessages
 * https://dataflow.googleapis.com/v1b3/projects/{projectId}/locations/{location}/templates
 * https://dataflow.googleapis.com/v1b3/projects/{projectId}/locations/{location}/jobs/{jobId}/metrics
 * https://dataflow.googleapis.com/v1b3/projects/{projectId}/locations/{location}/jobs/{jobId}/debug
 * https://dataflow.googleapis.com/v1b3/projects/{projectId}/locations/{location}/jobs/{jobId}/workItems
 * https://dataflow.googleapis.com/v1b3/projects/{projectId}/locations/{location}/jobs/{jobId}/messages
 * https://genomics.googleapis.com/v1/readgroupsets/{readGroupSetId}/coveragebuckets
 * https://genomics.googleapis.com/v1/references/{referenceId}/bases
 * https://pubsub.googleapis.com/v1/projects/{projectId}/topics/{topicsId}/subscriptions
 * https://cloudbilling.googleapis.com/v1/services/{serviceName}/skus
 * https://cloudbilling.googleapis.com/v1/billingAccounts/{billingAccountsId}/projects
 * https://cloudbilling.googleapis.com/v1/projects/{projectId}/billingInfo
 * https://clouderrorreporting.googleapis.com/v1beta1/projects/{projectId}/events
 * https://clouderrorreporting.googleapis.com/v1beta1/projects/{projectId}/groupStats
 * https://www.googleapis.com/deploymentmanager/v2/projects/{project}/global/types
 * https://monitoring.googleapis.com/v3/projects/{projectId}/timeSeries
 * https://monitoring.googleapis.com/v3/projects/{projectId}/groups/{groupsId}/members
 * https://cloudfunctions.googleapis.com/v1/projects/{projectId}/locations
 * https://dlp.googleapis.com/v2beta1/rootCategories/{rootCategoriesId}/infoTypes
 * https://oslogin.googleapis.com/v1alpha/users/{usersId}/loginProfile
 * https://www.googleapis.com/resourceviews/v1beta2/projects/{project}/zones/{zone}/resourceViews/{resourceView}/resources
 * https://servicemanagement.googleapis.com/v1/services/{serviceName}/config
 * https://spanner.googleapis.com/v1/projects/{projectId}/instances/{instancesId}/databases/{databasesId}/ddl

--------------------------------------------------------------------------------
Collection Pattern - 164 detected:
 * https://appengine.googleapis.com/v1/apps
 * https://appengine.googleapis.com/v1/apps/{appsId}/services
 * https://appengine.googleapis.com/v1/apps/{appsId}/services/{serviceName}/versions
 * https://appengine.googleapis.com/v1/apps/{appsId}/services/{serviceName}/versions/{versionsId}/instances
 * https://appengine.googleapis.com/v1/apps/{appsId}/operations
 * https://appengine.googleapis.com/v1/apps/{appsId}/locations
 * https://www.googleapis.com/clouduseraccounts/vm_beta/projects/{project}/global/operations
 * https://www.googleapis.com/clouduseraccounts/vm_beta/projects/{project}/global/users
 * https://www.googleapis.com/clouduseraccounts/vm_beta/projects/{project}/global/groups
 * https://www.googleapis.com/compute/v1/projects/{project}/global/targetTcpProxies
 * https://www.googleapis.com/compute/v1/projects/{project}/global/backendBuckets
 * https://www.googleapis.com/compute/v1/projects/{project}/global/urlMaps
 * https://www.googleapis.com/compute/v1/projects/{project}/global/addresses
 * https://www.googleapis.com/compute/v1/projects/{project}/global/snapshots
 * https://www.googleapis.com/compute/v1/projects/{project}/global/backendServices
 * https://www.googleapis.com/compute/v1/projects/{project}/global/healthChecks
 * https://www.googleapis.com/compute/v1/projects/{project}/global/targetHttpsProxies
 * https://www.googleapis.com/compute/v1/projects/{project}/global/networks
 * https://www.googleapis.com/compute/v1/projects/{project}/global/targetSslProxies
 * https://www.googleapis.com/compute/v1/projects/{project}/global/operations
 * https://www.googleapis.com/compute/v1/projects/{project}/global/instanceTemplates
 * https://www.googleapis.com/compute/v1/projects/{project}/global/forwardingRules
 * https://www.googleapis.com/compute/v1/projects/{project}/global/httpsHealthChecks
 * https://www.googleapis.com/compute/v1/projects/{project}/global/images
 * https://www.googleapis.com/compute/v1/projects/{project}/global/httpHealthChecks
 * https://www.googleapis.com/compute/v1/projects/{project}/global/targetHttpProxies
 * https://www.googleapis.com/compute/v1/projects/{project}/global/sslCertificates
 * https://www.googleapis.com/compute/v1/projects/{project}/global/routes
 * https://www.googleapis.com/compute/v1/projects/{project}/global/firewalls
 * https://www.googleapis.com/compute/v1/projects/{project}/regions
 * https://www.googleapis.com/compute/v1/projects/{project}/regions/{region}/addresses
 * https://www.googleapis.com/compute/v1/projects/{project}/regions/{region}/backendServices
 * https://www.googleapis.com/compute/v1/projects/{project}/regions/{region}/autoscalers
 * https://www.googleapis.com/compute/v1/projects/{project}/regions/{region}/instanceGroups
 * https://www.googleapis.com/compute/v1/projects/{project}/regions/{region}/subnetworks
 * https://www.googleapis.com/compute/v1/projects/{project}/regions/{region}/forwardingRules
 * https://www.googleapis.com/compute/v1/projects/{project}/regions/{region}/routers
 * https://www.googleapis.com/compute/v1/projects/{project}/regions/{region}/targetPools
 * https://www.googleapis.com/compute/v1/projects/{project}/regions/{region}/instanceGroupManagers
 * https://www.googleapis.com/compute/v1/projects/{project}/regions/{region}/commitments
 * https://www.googleapis.com/compute/v1/projects/{project}/regions/{region}/targetVpnGateways
 * https://www.googleapis.com/compute/v1/projects/{project}/regions/{region}/vpnTunnels
 * https://www.googleapis.com/compute/v1/projects/{project}/regions/{region}/operations
 * https://www.googleapis.com/compute/v1/projects/{project}/zones
 * https://www.googleapis.com/compute/v1/projects/{project}/zones/{zone}/diskTypes
 * https://www.googleapis.com/compute/v1/projects/{project}/zones/{zone}/instances
 * https://www.googleapis.com/compute/v1/projects/{project}/zones/{zone}/instanceGroups
 * https://www.googleapis.com/compute/v1/projects/{project}/zones/{zone}/targetInstances
 * https://www.googleapis.com/compute/v1/projects/{project}/zones/{zone}/machineTypes
 * https://www.googleapis.com/compute/v1/projects/{project}/zones/{zone}/instanceGroupManagers
 * https://www.googleapis.com/compute/v1/projects/{project}/zones/{zone}/acceleratorTypes
 * https://www.googleapis.com/compute/v1/projects/{project}/zones/{zone}/autoscalers
 * https://www.googleapis.com/compute/v1/projects/{project}/zones/{zone}/disks
 * https://www.googleapis.com/compute/v1/projects/{project}/zones/{zone}/operations
 * https://container.googleapis.com/v1/projects/{projectId}/zones/{zone}/operations
 * https://container.googleapis.com/v1/projects/{projectId}/zones/{zone}/clusters
 * https://container.googleapis.com/v1/projects/{projectId}/zones/{zone}/clusters/{clusterId}/nodePools
 * https://bigtableadmin.googleapis.com/v2/operations
 * https://bigtableadmin.googleapis.com/v2/projects/{projectId}/instances
 * https://bigtableadmin.googleapis.com/v2/projects/{projectId}/instances/{instancesId}/tables
 * https://bigtableadmin.googleapis.com/v2/projects/{projectId}/instances/{instancesId}/clusters
 * https://datastore.googleapis.com/v1/projects/{projectId}/operations
 * https://www.googleapis.com/sql/v1beta4/projects/{project}/operations
 * https://www.googleapis.com/sql/v1beta4/projects/{project}/instances
 * https://www.googleapis.com/sql/v1beta4/projects/{project}/instances/{instance}/databases
 * https://www.googleapis.com/sql/v1beta4/projects/{project}/instances/{instance}/sslCerts
 * https://www.googleapis.com/sql/v1beta4/projects/{project}/instances/{instance}/backupRuns
 * https://www.googleapis.com/storage/v1/b
 * https://www.googleapis.com/storage/v1/b/{bucket}/defaultObjectAcl
 * https://www.googleapis.com/storage/v1/b/{bucket}/acl
 * https://www.googleapis.com/storage/v1/b/{bucket}/notificationConfigs
 * https://www.googleapis.com/storage/v1/b/{bucket}/o
 * https://www.googleapis.com/storage/v1/b/{bucket}/o/{object}/acl
 * https://storagetransfer.googleapis.com/v1/transferOperations
 * https://www.googleapis.com/dns/v1/projects/{project}/managedZones
 * https://www.googleapis.com/dns/v1/projects/{project}/managedZones/{managedZone}/changes
 * https://www.googleapis.com/bigquery/v2/projects
 * https://www.googleapis.com/bigquery/v2/projects/{projectId}/datasets
 * https://www.googleapis.com/bigquery/v2/projects/{projectId}/datasets/{datasetId}/tables
 * https://www.googleapis.com/bigquery/v2/projects/{projectId}/jobs
 * https://www.googleapis.com/bigquery/v2/projects/{projectId}/queries
 * https://dataflow.googleapis.com/v1b3/projects/{projectId}/jobs
 * https://dataflow.googleapis.com/v1b3/projects/{projectId}/locations/{location}/jobs
 * https://dataproc.googleapis.com/v1/projects/{projectId}/regions/{region}/operations
 * https://dataproc.googleapis.com/v1/projects/{projectId}/regions/{region}/clusters
 * https://dataproc.googleapis.com/v1/projects/{projectId}/regions/{region}/jobs
 * https://genomics.googleapis.com/v1/operations
 * https://genomics.googleapis.com/v1/datasets
 * https://genomics.googleapis.com/v1/referencesets
 * https://genomics.googleapis.com/v1/callsets
 * https://genomics.googleapis.com/v1/readgroupsets
 * https://genomics.googleapis.com/v1/references
 * https://genomics.googleapis.com/v1/variants
 * https://genomics.googleapis.com/v1/annotations
 * https://genomics.googleapis.com/v1/annotationsets
 * https://genomics.googleapis.com/v1/variantsets
 * https://pubsub.googleapis.com/v1/projects/{projectId}/topics
 * https://pubsub.googleapis.com/v1/projects/{projectId}/subscriptions
 * https://speech.googleapis.com/v1/operations
 * https://cloudbilling.googleapis.com/v1/services
 * https://cloudbilling.googleapis.com/v1/billingAccounts
 * https://cloudbuild.googleapis.com/v1/operations
 * https://cloudbuild.googleapis.com/v1/projects/{projectId}/builds
 * https://cloudbuild.googleapis.com/v1/projects/{projectId}/triggers
 * https://clouddebugger.googleapis.com/v2/controller/debuggees
 * https://clouddebugger.googleapis.com/v2/controller/debuggees/{debuggeeId}/breakpoints
 * https://clouddebugger.googleapis.com/v2/debugger/debuggees
 * https://clouddebugger.googleapis.com/v2/debugger/debuggees/{debuggeeId}/breakpoints
 * https://cloudtrace.googleapis.com/v2/projects/{projectId}/traces
 * https://www.googleapis.com/deploymentmanager/v2/projects/{project}/global/operations
 * https://www.googleapis.com/deploymentmanager/v2/projects/{project}/global/deployments
 * https://www.googleapis.com/deploymentmanager/v2/projects/{project}/global/deployments/{deployment}/manifests
 * https://www.googleapis.com/deploymentmanager/v2/projects/{project}/global/deployments/{deployment}/resources
 * https://logging.googleapis.com/v2/folders/{foldersId}/sinks
 * https://logging.googleapis.com/v2/folders/{foldersId}/logs
 * https://logging.googleapis.com/v2/organizations/{organizationsId}/sinks
 * https://logging.googleapis.com/v2/organizations/{organizationsId}/logs
 * https://logging.googleapis.com/v2/billingAccounts/{billingAccountsId}/sinks
 * https://logging.googleapis.com/v2/billingAccounts/{billingAccountsId}/logs
 * https://logging.googleapis.com/v2/projects/{projectId}/metrics
 * https://logging.googleapis.com/v2/projects/{projectId}/sinks
 * https://logging.googleapis.com/v2/projects/{projectId}/logs
 * https://monitoring.googleapis.com/v3/projects/{projectId}/monitoredResourceDescriptors
 * https://monitoring.googleapis.com/v3/projects/{projectId}/groups
 * https://monitoring.googleapis.com/v3/projects/{projectId}/metricDescriptors
 * https://runtimeconfig.googleapis.com/v1/operations
 * https://cloudresourcemanager.googleapis.com/v2beta1/folders
 * https://iam.googleapis.com/v1/organizations/{organizationsId}/roles
 * https://iam.googleapis.com/v1/roles
 * https://iam.googleapis.com/v1/projects/{projectId}/serviceAccounts
 * https://iam.googleapis.com/v1/projects/{projectId}/serviceAccounts/{serviceAccountsId}/keys
 * https://iam.googleapis.com/v1/projects/{projectId}/roles
 * https://www.googleapis.com/prediction/v1.6/projects/{project}/trainedmodels
 * https://cloudfunctions.googleapis.com/v1/operations
 * https://cloudkms.googleapis.com/v1/projects/{projectId}/locations
 * https://cloudkms.googleapis.com/v1/projects/{projectId}/locations/{locationsId}/keyRings
 * https://cloudkms.googleapis.com/v1/projects/{projectId}/locations/{locationsId}/keyRings/{keyRingsId}/cryptoKeys
 * https://cloudkms.googleapis.com/v1/projects/{projectId}/locations/{locationsId}/keyRings/{keyRingsId}/cryptoKeys/{cryptoKeysId}/cryptoKeyVersions
 * https://dlp.googleapis.com/v2beta1/rootCategories
 * https://dlp.googleapis.com/v2beta1/inspect/operations
 * https://ml.googleapis.com/v1/projects/{projectId}/models
 * https://ml.googleapis.com/v1/projects/{projectId}/models/{modelsId}/versions
 * https://ml.googleapis.com/v1/projects/{projectId}/operations
 * https://ml.googleapis.com/v1/projects/{projectId}/jobs
 * https://www.googleapis.com/resourceviews/v1beta2/projects/{project}/zones/{zone}/resourceViews
 * https://www.googleapis.com/resourceviews/v1beta2/projects/{project}/zones/{zone}/operations
 * https://servicemanagement.googleapis.com/v1/operations
 * https://servicemanagement.googleapis.com/v1/services
 * https://servicemanagement.googleapis.com/v1/services/{serviceName}/configs
 * https://servicemanagement.googleapis.com/v1/services/{serviceName}/rollouts
 * https://serviceuser.googleapis.com/v1/projects/{projectId}/services
 * https://spanner.googleapis.com/v1/projects/{projectId}/instances
 * https://spanner.googleapis.com/v1/projects/{projectId}/instances/{instancesId}/operations
 * https://spanner.googleapis.com/v1/projects/{projectId}/instances/{instancesId}/databases
 * https://spanner.googleapis.com/v1/projects/{projectId}/instances/{instancesId}/databases/{databasesId}/operations
 * https://spanner.googleapis.com/v1/projects/{projectId}/instances/{instancesId}/databases/{databasesId}/sessions
 * https://spanner.googleapis.com/v1/projects/{projectId}/instanceConfigs
 * https://bigquerydatatransfer.googleapis.com/v1/projects/{projectId}/dataSources
 * https://bigquerydatatransfer.googleapis.com/v1/projects/{projectId}/locations
 * https://bigquerydatatransfer.googleapis.com/v1/projects/{projectId}/locations/{locationsId}/transferConfigs
 * https://bigquerydatatransfer.googleapis.com/v1/projects/{projectId}/locations/{locationsId}/transferConfigs/{transferConfigsId}/runs
 * https://bigquerydatatransfer.googleapis.com/v1/projects/{projectId}/locations/{locationsId}/dataSources
 * https://bigquerydatatransfer.googleapis.com/v1/projects/{projectId}/transferConfigs
 * https://bigquerydatatransfer.googleapis.com/v1/projects/{projectId}/transferConfigs/{transferConfigsId}/runs

--------------------------------------------------------------------------------
Controller Pattern - 273 detected:
 * https://appengine.googleapis.com/v1/apps/{appsId}:repair
 * https://appengine.googleapis.com/v1/apps/{appsId}/services/{serviceName}/versions/{versionsId}/instances/{instancesId}:debug
 * https://www.googleapis.com/clouduseraccounts/vm_beta/projects/{project}/global/users/{user}/addPublicKey
 * https://www.googleapis.com/clouduseraccounts/vm_beta/projects/{project}/global/users/{user}/removePublicKey
 * https://www.googleapis.com/clouduseraccounts/vm_beta/projects/{project}/global/groups/{groupName}/addMember
 * https://www.googleapis.com/clouduseraccounts/vm_beta/projects/{project}/global/groups/{groupName}/removeMember
 * https://www.googleapis.com/compute/v1/projects/{project}/global/targetTcpProxies/{targetTcpProxy}/setBackendService
 * https://www.googleapis.com/compute/v1/projects/{project}/global/targetTcpProxies/{targetTcpProxy}/setProxyHeader
 * https://www.googleapis.com/compute/v1/projects/{project}/global/urlMaps/{urlMap}/invalidateCache
 * https://www.googleapis.com/compute/v1/projects/{project}/global/urlMaps/{urlMap}/validate
 * https://www.googleapis.com/compute/v1/projects/{project}/global/snapshots/{resource}/setLabels
 * https://www.googleapis.com/compute/v1/projects/{project}/global/backendServices/{backendService}/getHealth
 * https://www.googleapis.com/compute/v1/projects/{project}/global/networks/{network}/removePeering
 * https://www.googleapis.com/compute/v1/projects/{project}/global/networks/{network}/addPeering
 * https://www.googleapis.com/compute/v1/projects/{project}/global/networks/{network}/switchToCustomMode
 * https://www.googleapis.com/compute/v1/projects/{project}/global/targetSslProxies/{targetSslProxy}/setBackendService
 * https://www.googleapis.com/compute/v1/projects/{project}/global/targetSslProxies/{targetSslProxy}/setProxyHeader
 * https://www.googleapis.com/compute/v1/projects/{project}/global/targetSslProxies/{targetSslProxy}/setSslCertificates
 * https://www.googleapis.com/compute/v1/projects/{project}/global/forwardingRules/{forwardingRule}/setTarget
 * https://www.googleapis.com/compute/v1/projects/{project}/global/images/{image}/deprecate
 * https://www.googleapis.com/compute/v1/projects/{project}/global/images/{resource}/setLabels
 * https://www.googleapis.com/compute/v1/projects/{project}/regions/{region}/backendServices/{backendService}/getHealth
 * https://www.googleapis.com/compute/v1/projects/{project}/regions/{region}/instanceGroups/{instanceGroup}/setNamedPorts
 * https://www.googleapis.com/compute/v1/projects/{project}/regions/{region}/instanceGroups/{instanceGroup}/listInstances
 * https://www.googleapis.com/compute/v1/projects/{project}/regions/{region}/subnetworks/{subnetwork}/setPrivateIpGoogleAccess
 * https://www.googleapis.com/compute/v1/projects/{project}/regions/{region}/subnetworks/{subnetwork}/expandIpCidrRange
 * https://www.googleapis.com/compute/v1/projects/{project}/regions/{region}/forwardingRules/{forwardingRule}/setTarget
 * https://www.googleapis.com/compute/v1/projects/{project}/regions/{region}/routers/{router}/preview
 * https://www.googleapis.com/compute/v1/projects/{project}/regions/{region}/targetPools/{targetPool}/removeInstance
 * https://www.googleapis.com/compute/v1/projects/{project}/regions/{region}/targetPools/{targetPool}/addInstance
 * https://www.googleapis.com/compute/v1/projects/{project}/regions/{region}/targetPools/{targetPool}/addHealthCheck
 * https://www.googleapis.com/compute/v1/projects/{project}/regions/{region}/targetPools/{targetPool}/setBackup
 * https://www.googleapis.com/compute/v1/projects/{project}/regions/{region}/targetPools/{targetPool}/getHealth
 * https://www.googleapis.com/compute/v1/projects/{project}/regions/{region}/targetPools/{targetPool}/removeHealthCheck
 * https://www.googleapis.com/compute/v1/projects/{project}/regions/{region}/instanceGroupManagers/{instanceGroupManager}/recreateInstances
 * https://www.googleapis.com/compute/v1/projects/{project}/regions/{region}/instanceGroupManagers/{instanceGroupManager}/abandonInstances
 * https://www.googleapis.com/compute/v1/projects/{project}/regions/{region}/instanceGroupManagers/{instanceGroupManager}/setInstanceTemplate
 * https://www.googleapis.com/compute/v1/projects/{project}/regions/{region}/instanceGroupManagers/{instanceGroupManager}/setTargetPools
 * https://www.googleapis.com/compute/v1/projects/{project}/regions/{region}/instanceGroupManagers/{instanceGroupManager}/deleteInstances
 * https://www.googleapis.com/compute/v1/projects/{project}/regions/{region}/instanceGroupManagers/{instanceGroupManager}/listManagedInstances
 * https://www.googleapis.com/compute/v1/projects/{project}/regions/{region}/instanceGroupManagers/{instanceGroupManager}/resize
 * https://www.googleapis.com/compute/v1/projects/{project}/zones/{zone}/instances/{instance}/setDiskAutoDelete
 * https://www.googleapis.com/compute/v1/projects/{project}/zones/{zone}/instances/{instance}/deleteAccessConfig
 * https://www.googleapis.com/compute/v1/projects/{project}/zones/{zone}/instances/{instance}/setMetadata
 * https://www.googleapis.com/compute/v1/projects/{project}/zones/{zone}/instances/{instance}/setTags
 * https://www.googleapis.com/compute/v1/projects/{project}/zones/{zone}/instances/{instance}/setMachineResources
 * https://www.googleapis.com/compute/v1/projects/{project}/zones/{zone}/instances/{instance}/attachDisk
 * https://www.googleapis.com/compute/v1/projects/{project}/zones/{zone}/instances/{instance}/start
 * https://www.googleapis.com/compute/v1/projects/{project}/zones/{zone}/instances/{instance}/addAccessConfig
 * https://www.googleapis.com/compute/v1/projects/{project}/zones/{zone}/instances/{instance}/startWithEncryptionKey
 * https://www.googleapis.com/compute/v1/projects/{project}/zones/{zone}/instances/{instance}/stop
 * https://www.googleapis.com/compute/v1/projects/{project}/zones/{zone}/instances/{instance}/setServiceAccount
 * https://www.googleapis.com/compute/v1/projects/{project}/zones/{zone}/instances/{instance}/reset
 * https://www.googleapis.com/compute/v1/projects/{project}/zones/{zone}/instances/{instance}/setMachineType
 * https://www.googleapis.com/compute/v1/projects/{project}/zones/{zone}/instances/{instance}/setLabels
 * https://www.googleapis.com/compute/v1/projects/{project}/zones/{zone}/instances/{instance}/detachDisk
 * https://www.googleapis.com/compute/v1/projects/{project}/zones/{zone}/instances/{instance}/setScheduling
 * https://www.googleapis.com/compute/v1/projects/{project}/zones/{zone}/instanceGroups/{instanceGroup}/listInstances
 * https://www.googleapis.com/compute/v1/projects/{project}/zones/{zone}/instanceGroups/{instanceGroup}/removeInstances
 * https://www.googleapis.com/compute/v1/projects/{project}/zones/{zone}/instanceGroups/{instanceGroup}/setNamedPorts
 * https://www.googleapis.com/compute/v1/projects/{project}/zones/{zone}/instanceGroups/{instanceGroup}/addInstances
 * https://www.googleapis.com/compute/v1/projects/{project}/zones/{zone}/instanceGroupManagers/{instanceGroupManager}/recreateInstances
 * https://www.googleapis.com/compute/v1/projects/{project}/zones/{zone}/instanceGroupManagers/{instanceGroupManager}/abandonInstances
 * https://www.googleapis.com/compute/v1/projects/{project}/zones/{zone}/instanceGroupManagers/{instanceGroupManager}/setInstanceTemplate
 * https://www.googleapis.com/compute/v1/projects/{project}/zones/{zone}/instanceGroupManagers/{instanceGroupManager}/setTargetPools
 * https://www.googleapis.com/compute/v1/projects/{project}/zones/{zone}/instanceGroupManagers/{instanceGroupManager}/deleteInstances
 * https://www.googleapis.com/compute/v1/projects/{project}/zones/{zone}/instanceGroupManagers/{instanceGroupManager}/listManagedInstances
 * https://www.googleapis.com/compute/v1/projects/{project}/zones/{zone}/instanceGroupManagers/{instanceGroupManager}/resize
 * https://www.googleapis.com/compute/v1/projects/{project}/zones/{zone}/disks/{resource}/setLabels
 * https://www.googleapis.com/compute/v1/projects/{project}/zones/{zone}/disks/{disk}/resize
 * https://www.googleapis.com/compute/v1/projects/{project}/zones/{zone}/disks/{disk}/createSnapshot
 * https://www.googleapis.com/compute/v1/projects/{project}/targetHttpsProxies/{targetHttpsProxy}/setSslCertificates
 * https://www.googleapis.com/compute/v1/projects/{project}/targetHttpsProxies/{targetHttpsProxy}/setUrlMap
 * https://www.googleapis.com/compute/v1/projects/{project}/enableXpnHost
 * https://www.googleapis.com/compute/v1/projects/{project}/setCommonInstanceMetadata
 * https://www.googleapis.com/compute/v1/projects/{project}/listXpnHosts
 * https://www.googleapis.com/compute/v1/projects/{project}/moveDisk
 * https://www.googleapis.com/compute/v1/projects/{project}/disableXpnResource
 * https://www.googleapis.com/compute/v1/projects/{project}/moveInstance
 * https://www.googleapis.com/compute/v1/projects/{project}/enableXpnResource
 * https://www.googleapis.com/compute/v1/projects/{project}/disableXpnHost
 * https://www.googleapis.com/compute/v1/projects/{project}/setUsageExportBucket
 * https://www.googleapis.com/compute/v1/projects/{project}/targetHttpProxies/{targetHttpProxy}/setUrlMap
 * https://container.googleapis.com/v1/projects/{projectId}/zones/{zone}/operations/{operationId}:cancel
 * https://container.googleapis.com/v1/projects/{projectId}/zones/{zone}/clusters/{clusterId}:setMasterAuth
 * https://container.googleapis.com/v1/projects/{projectId}/zones/{zone}/clusters/{clusterId}:startIpRotation
 * https://container.googleapis.com/v1/projects/{projectId}/zones/{zone}/clusters/{clusterId}:setNetworkPolicy
 * https://container.googleapis.com/v1/projects/{projectId}/zones/{zone}/clusters/{clusterId}:completeIpRotation
 * https://container.googleapis.com/v1/projects/{projectId}/zones/{zone}/clusters/{clusterId}/nodePools/{nodePoolId}:rollback
 * https://container.googleapis.com/v1/projects/{projectId}/zones/{zone}/clusters/{clusterId}/nodePools/{nodePoolId}/update
 * https://container.googleapis.com/v1/projects/{projectId}/zones/{zone}/clusters/{clusterId}/nodePools/{nodePoolId}/setManagement
 * https://container.googleapis.com/v1/projects/{projectId}/zones/{zone}/clusters/{clusterId}/nodePools/{nodePoolId}/setSize
 * https://bigtableadmin.googleapis.com/v2/operations/{operationsId}:cancel
 * https://bigtableadmin.googleapis.com/v2/projects/{projectId}/instances/{instancesId}/tables/{tablesId}:modifyColumnFamilies
 * https://datastore.googleapis.com/v1/projects/{projectId}:allocateIds
 * https://datastore.googleapis.com/v1/projects/{projectId}:rollback
 * https://datastore.googleapis.com/v1/projects/{projectId}:beginTransaction
 * https://datastore.googleapis.com/v1/projects/{projectId}:lookup
 * https://datastore.googleapis.com/v1/projects/{projectId}:commit
 * https://datastore.googleapis.com/v1/projects/{projectId}:runQuery
 * https://datastore.googleapis.com/v1/projects/{projectId}/operations/{operationsId}:cancel
 * https://www.googleapis.com/sql/v1beta4/projects/{project}/instances/{instance}/resetSslConfig
 * https://www.googleapis.com/sql/v1beta4/projects/{project}/instances/{instance}/startReplica
 * https://www.googleapis.com/sql/v1beta4/projects/{project}/instances/{instance}/clone
 * https://www.googleapis.com/sql/v1beta4/projects/{project}/instances/{instance}/stopReplica
 * https://www.googleapis.com/sql/v1beta4/projects/{project}/instances/{instance}/restoreBackup
 * https://www.googleapis.com/sql/v1beta4/projects/{project}/instances/{instance}/export
 * https://www.googleapis.com/sql/v1beta4/projects/{project}/instances/{instance}/promoteReplica
 * https://www.googleapis.com/sql/v1beta4/projects/{project}/instances/{instance}/import
 * https://www.googleapis.com/sql/v1beta4/projects/{project}/instances/{instance}/truncateLog
 * https://www.googleapis.com/sql/v1beta4/projects/{project}/instances/{instance}/failover
 * https://www.googleapis.com/sql/v1beta4/projects/{project}/instances/{instance}/restart
 * https://www.googleapis.com/sql/v1beta4/projects/{project}/instances/{instance}/createEphemeral
 * https://www.googleapis.com/storage/v1/b/{bucket}/o/watch
 * https://www.googleapis.com/storage/v1/b/{destinationBucket}/o/{destinationObject}/compose
 * https://www.googleapis.com/storage/v1/channels/stop
 * https://storagetransfer.googleapis.com/v1/transferOperations/{transferOperationsId}:pause
 * https://storagetransfer.googleapis.com/v1/transferOperations/{transferOperationsId}:resume
 * https://storagetransfer.googleapis.com/v1/transferOperations/{transferOperationsId}:cancel
 * https://www.googleapis.com/bigquery/v2/projects/{projectId}/datasets/{datasetId}/tables/{tableId}/insertAll
 * https://www.googleapis.com/bigquery/v2/projects/{projectId}/jobs/{jobId}/cancel
 * https://dataflow.googleapis.com/v1b3/projects/{projectId}/templates:launch
 * https://dataflow.googleapis.com/v1b3/projects/{projectId}/jobs/{jobId}/debug/getConfig
 * https://dataflow.googleapis.com/v1b3/projects/{projectId}/jobs/{jobId}/debug/sendCapture
 * https://dataflow.googleapis.com/v1b3/projects/{projectId}/jobs/{jobId}/workItems:reportStatus
 * https://dataflow.googleapis.com/v1b3/projects/{projectId}/jobs/{jobId}/workItems:lease
 * https://dataflow.googleapis.com/v1b3/projects/{projectId}/locations/{location}/templates:launch
 * https://dataflow.googleapis.com/v1b3/projects/{projectId}/locations/{location}/jobs/{jobId}/debug/getConfig
 * https://dataflow.googleapis.com/v1b3/projects/{projectId}/locations/{location}/jobs/{jobId}/debug/sendCapture
 * https://dataflow.googleapis.com/v1b3/projects/{projectId}/locations/{location}/jobs/{jobId}/workItems:reportStatus
 * https://dataflow.googleapis.com/v1b3/projects/{projectId}/locations/{location}/jobs/{jobId}/workItems:lease
 * https://dataproc.googleapis.com/v1/projects/{projectId}/regions/{region}/operations/{operationsId}:cancel
 * https://dataproc.googleapis.com/v1/projects/{projectId}/regions/{region}/clusters/{clusterName}:diagnose
 * https://dataproc.googleapis.com/v1/projects/{projectId}/regions/{region}/jobs/{jobId}:cancel
 * https://dataproc.googleapis.com/v1/projects/{projectId}/regions/{region}/jobs:submit
 * https://genomics.googleapis.com/v1/operations/{operationsId}:cancel
 * https://genomics.googleapis.com/v1/datasets/{datasetId}:undelete
 * https://genomics.googleapis.com/v1/datasets/{datasetId}:getIamPolicy
 * https://genomics.googleapis.com/v1/datasets/{datasetId}:testIamPermissions
 * https://genomics.googleapis.com/v1/datasets/{datasetId}:setIamPolicy
 * https://genomics.googleapis.com/v1/referencesets/search
 * https://genomics.googleapis.com/v1/callsets/search
 * https://genomics.googleapis.com/v1/reads/search
 * https://genomics.googleapis.com/v1/readgroupsets/search
 * https://genomics.googleapis.com/v1/readgroupsets/{readGroupSetId}:export
 * https://genomics.googleapis.com/v1/readgroupsets:import
 * https://genomics.googleapis.com/v1/references/search
 * https://genomics.googleapis.com/v1/variants/search
 * https://genomics.googleapis.com/v1/variants:merge
 * https://genomics.googleapis.com/v1/variants:import
 * https://genomics.googleapis.com/v1/annotations/search
 * https://genomics.googleapis.com/v1/annotations:batchCreate
 * https://genomics.googleapis.com/v1/annotationsets/search
 * https://genomics.googleapis.com/v1/variantsets/search
 * https://genomics.googleapis.com/v1/variantsets/{variantSetId}:export
 * https://pubsub.googleapis.com/v1/projects/{projectId}/topics/{topicsId}:publish
 * https://pubsub.googleapis.com/v1/projects/{projectId}/topics/{topicsId}:testIamPermissions
 * https://pubsub.googleapis.com/v1/projects/{projectId}/topics/{topicsId}:setIamPolicy
 * https://pubsub.googleapis.com/v1/projects/{projectId}/snapshots/{snapshotsId}:testIamPermissions
 * https://pubsub.googleapis.com/v1/projects/{projectId}/snapshots/{snapshotsId}:setIamPolicy
 * https://pubsub.googleapis.com/v1/projects/{projectId}/subscriptions/{subscriptionsId}:pull
 * https://pubsub.googleapis.com/v1/projects/{projectId}/subscriptions/{subscriptionsId}:acknowledge
 * https://pubsub.googleapis.com/v1/projects/{projectId}/subscriptions/{subscriptionsId}:modifyAckDeadline
 * https://pubsub.googleapis.com/v1/projects/{projectId}/subscriptions/{subscriptionsId}:modifyPushConfig
 * https://pubsub.googleapis.com/v1/projects/{projectId}/subscriptions/{subscriptionsId}:testIamPermissions
 * https://pubsub.googleapis.com/v1/projects/{projectId}/subscriptions/{subscriptionsId}:setIamPolicy
 * https://vision.googleapis.com/v1/images:annotate
 * https://speech.googleapis.com/v1/operations/{operationsId}:cancel
 * https://speech.googleapis.com/v1/speech:recognize
 * https://speech.googleapis.com/v1/speech:longrunningrecognize
 * https://language.googleapis.com/v1/documents:analyzeSyntax
 * https://language.googleapis.com/v1/documents:annotateText
 * https://language.googleapis.com/v1/documents:analyzeEntities
 * https://language.googleapis.com/v1/documents:analyzeSentiment
 * https://cloudbuild.googleapis.com/v1/operations/{operationsId}:cancel
 * https://cloudbuild.googleapis.com/v1/projects/{projectId}/builds/{id}:cancel
 * https://clouddebugger.googleapis.com/v2/controller/debuggees/register
 * https://clouddebugger.googleapis.com/v2/debugger/debuggees/{debuggeeId}/breakpoints/set
 * https://clouderrorreporting.googleapis.com/v1beta1/projects/{projectId}/events:report
 * https://cloudtrace.googleapis.com/v2/projects/{projectId}/traces:batchWrite
 * https://www.googleapis.com/deploymentmanager/v2/projects/{project}/global/deployments/{deployment}/stop
 * https://www.googleapis.com/deploymentmanager/v2/projects/{project}/global/deployments/{deployment}/cancelPreview
 * https://www.googleapis.com/deploymentmanager/v2/projects/{project}/global/deployments/{resource}/testIamPermissions
 * https://www.googleapis.com/deploymentmanager/v2/projects/{project}/global/deployments/{resource}/setIamPolicy
 * https://logging.googleapis.com/v2/entries:write
 * https://logging.googleapis.com/v2/entries:list
 * https://monitoring.googleapis.com/v3/projects/{projectId}/collectdTimeSeries
 * https://runtimeconfig.googleapis.com/v1/operations/{operationsId}:cancel
 * https://cloudresourcemanager.googleapis.com/v2beta1/folders:search
 * https://cloudresourcemanager.googleapis.com/v2beta1/folders/{foldersId}:undelete
 * https://cloudresourcemanager.googleapis.com/v2beta1/folders/{foldersId}:move
 * https://cloudresourcemanager.googleapis.com/v2beta1/folders/{foldersId}:getIamPolicy
 * https://cloudresourcemanager.googleapis.com/v2beta1/folders/{foldersId}:testIamPermissions
 * https://cloudresourcemanager.googleapis.com/v2beta1/folders/{foldersId}:setIamPolicy
 * https://iam.googleapis.com/v1/organizations/{organizationsId}/roles/{rolesId}:undelete
 * https://iam.googleapis.com/v1/roles:queryGrantableRoles
 * https://iam.googleapis.com/v1/projects/{projectId}/serviceAccounts/{serviceAccountsId}:signBlob
 * https://iam.googleapis.com/v1/projects/{projectId}/serviceAccounts/{serviceAccountsId}:setIamPolicy
 * https://iam.googleapis.com/v1/projects/{projectId}/serviceAccounts/{serviceAccountsId}:signJwt
 * https://iam.googleapis.com/v1/projects/{projectId}/serviceAccounts/{serviceAccountsId}:getIamPolicy
 * https://iam.googleapis.com/v1/projects/{projectId}/serviceAccounts/{serviceAccountsId}:testIamPermissions
 * https://iam.googleapis.com/v1/projects/{projectId}/roles/{rolesId}:undelete
 * https://iam.googleapis.com/v1/permissions:queryTestablePermissions
 * https://www.googleapis.com/prediction/v1.6/projects/{project}/trainedmodels/{id}/predict
 * https://www.googleapis.com/prediction/v1.6/projects/{project}/hostedmodels/{hostedModelName}/predict
 * https://cloudkms.googleapis.com/v1/projects/{projectId}/locations/{locationsId}/keyRings/{keyRingsId}:testIamPermissions
 * https://cloudkms.googleapis.com/v1/projects/{projectId}/locations/{locationsId}/keyRings/{keyRingsId}:setIamPolicy
 * https://cloudkms.googleapis.com/v1/projects/{projectId}/locations/{locationsId}/keyRings/{keyRingsId}/cryptoKeys/{cryptoKeysId}:encrypt
 * https://cloudkms.googleapis.com/v1/projects/{projectId}/locations/{locationsId}/keyRings/{keyRingsId}/cryptoKeys/{cryptoKeysId}:decrypt
 * https://cloudkms.googleapis.com/v1/projects/{projectId}/locations/{locationsId}/keyRings/{keyRingsId}/cryptoKeys/{cryptoKeysId}:updatePrimaryVersion
 * https://cloudkms.googleapis.com/v1/projects/{projectId}/locations/{locationsId}/keyRings/{keyRingsId}/cryptoKeys/{cryptoKeysId}:testIamPermissions
 * https://cloudkms.googleapis.com/v1/projects/{projectId}/locations/{locationsId}/keyRings/{keyRingsId}/cryptoKeys/{cryptoKeysId}:setIamPolicy
 * https://cloudkms.googleapis.com/v1/projects/{projectId}/locations/{locationsId}/keyRings/{keyRingsId}/cryptoKeys/{cryptoKeysId}/cryptoKeyVersions/{cryptoKeyVersionsId}:restore
 * https://cloudkms.googleapis.com/v1/projects/{projectId}/locations/{locationsId}/keyRings/{keyRingsId}/cryptoKeys/{cryptoKeysId}/cryptoKeyVersions/{cryptoKeyVersionsId}:destroy
 * https://dlp.googleapis.com/v2beta1/content:redact
 * https://dlp.googleapis.com/v2beta1/content:inspect
 * https://dlp.googleapis.com/v2beta1/inspect/operations/{operationsId}:cancel
 * https://oslogin.googleapis.com/v1alpha/users/{usersId}:importSshPublicKey
 * https://ml.googleapis.com/v1/projects/{projectId}:predict
 * https://ml.googleapis.com/v1/projects/{projectId}/models/{modelsId}:testIamPermissions
 * https://ml.googleapis.com/v1/projects/{projectId}/models/{modelsId}:setIamPolicy
 * https://ml.googleapis.com/v1/projects/{projectId}/models/{modelsId}/versions/{versionsId}:setDefault
 * https://ml.googleapis.com/v1/projects/{projectId}/operations/{operationsId}:cancel
 * https://ml.googleapis.com/v1/projects/{projectId}/jobs/{jobsId}:cancel
 * https://ml.googleapis.com/v1/projects/{projectId}/jobs/{jobsId}:testIamPermissions
 * https://ml.googleapis.com/v1/projects/{projectId}/jobs/{jobsId}:setIamPolicy
 * https://www.googleapis.com/resourceviews/v1beta2/projects/{project}/zones/{zone}/resourceViews/{resourceView}/setService
 * https://www.googleapis.com/resourceviews/v1beta2/projects/{project}/zones/{zone}/resourceViews/{resourceView}/getService
 * https://www.googleapis.com/resourceviews/v1beta2/projects/{project}/zones/{zone}/resourceViews/{resourceView}/addResources
 * https://www.googleapis.com/resourceviews/v1beta2/projects/{project}/zones/{zone}/resourceViews/{resourceView}/removeResources
 * https://servicecontrol.googleapis.com/v1/services/{serviceName}:allocateQuota
 * https://servicecontrol.googleapis.com/v1/services/{serviceName}:startReconciliation
 * https://servicecontrol.googleapis.com/v1/services/{serviceName}:endReconciliation
 * https://servicecontrol.googleapis.com/v1/services/{serviceName}:releaseQuota
 * https://servicecontrol.googleapis.com/v1/services/{serviceName}:report
 * https://servicecontrol.googleapis.com/v1/services/{serviceName}:check
 * https://servicemanagement.googleapis.com/v1/services/{serviceName}:enable
 * https://servicemanagement.googleapis.com/v1/services/{serviceName}:undelete
 * https://servicemanagement.googleapis.com/v1/services/{serviceName}:disable
 * https://servicemanagement.googleapis.com/v1/services/{serviceName}:getIamPolicy
 * https://servicemanagement.googleapis.com/v1/services/{serviceName}:testIamPermissions
 * https://servicemanagement.googleapis.com/v1/services/{serviceName}:setIamPolicy
 * https://servicemanagement.googleapis.com/v1/services/{serviceName}/configs:submit
 * https://servicemanagement.googleapis.com/v1/services/{serviceName}/consumers/{consumersId}:getIamPolicy
 * https://servicemanagement.googleapis.com/v1/services/{serviceName}/consumers/{consumersId}:testIamPermissions
 * https://servicemanagement.googleapis.com/v1/services/{serviceName}/consumers/{consumersId}:setIamPolicy
 * https://servicemanagement.googleapis.com/v1/services:generateConfigReport
 * https://serviceuser.googleapis.com/v1/projects/{projectId}/services/{serviceName}:enable
 * https://serviceuser.googleapis.com/v1/projects/{projectId}/services/{serviceName}:disable
 * https://spanner.googleapis.com/v1/projects/{projectId}/instances/{instancesId}:getIamPolicy
 * https://spanner.googleapis.com/v1/projects/{projectId}/instances/{instancesId}:testIamPermissions
 * https://spanner.googleapis.com/v1/projects/{projectId}/instances/{instancesId}:setIamPolicy
 * https://spanner.googleapis.com/v1/projects/{projectId}/instances/{instancesId}/operations/{operationsId}:cancel
 * https://spanner.googleapis.com/v1/projects/{projectId}/instances/{instancesId}/databases/{databasesId}:getIamPolicy
 * https://spanner.googleapis.com/v1/projects/{projectId}/instances/{instancesId}/databases/{databasesId}:testIamPermissions
 * https://spanner.googleapis.com/v1/projects/{projectId}/instances/{instancesId}/databases/{databasesId}:setIamPolicy
 * https://spanner.googleapis.com/v1/projects/{projectId}/instances/{instancesId}/databases/{databasesId}/operations/{operationsId}:cancel
 * https://spanner.googleapis.com/v1/projects/{projectId}/instances/{instancesId}/databases/{databasesId}/sessions/{sessionsId}:rollback
 * https://spanner.googleapis.com/v1/projects/{projectId}/instances/{instancesId}/databases/{databasesId}/sessions/{sessionsId}:read
 * https://spanner.googleapis.com/v1/projects/{projectId}/instances/{instancesId}/databases/{databasesId}/sessions/{sessionsId}:executeSql
 * https://spanner.googleapis.com/v1/projects/{projectId}/instances/{instancesId}/databases/{databasesId}/sessions/{sessionsId}:beginTransaction
 * https://spanner.googleapis.com/v1/projects/{projectId}/instances/{instancesId}/databases/{databasesId}/sessions/{sessionsId}:executeStreamingSql
 * https://spanner.googleapis.com/v1/projects/{projectId}/instances/{instancesId}/databases/{databasesId}/sessions/{sessionsId}:streamingRead
 * https://spanner.googleapis.com/v1/projects/{projectId}/instances/{instancesId}/databases/{databasesId}/sessions/{sessionsId}:commit
 * https://videointelligence.googleapis.com/v1beta1/videos:annotate
 * https://bigquerydatatransfer.googleapis.com/v1/projects/{projectId}:setEnabled
 * https://bigquerydatatransfer.googleapis.com/v1/projects/{projectId}:isEnabled
 * https://bigquerydatatransfer.googleapis.com/v1/projects/{projectId}/dataSources/{dataSourcesId}:checkValidCreds
 * https://bigquerydatatransfer.googleapis.com/v1/projects/{projectId}/locations/{locationsId}:setEnabled
 * https://bigquerydatatransfer.googleapis.com/v1/projects/{projectId}/locations/{locationsId}:isEnabled
 * https://bigquerydatatransfer.googleapis.com/v1/projects/{projectId}/locations/{locationsId}/transferConfigs/{transferConfigsId}:scheduleRuns
 * https://bigquerydatatransfer.googleapis.com/v1/projects/{projectId}/locations/{locationsId}/dataSources/{dataSourcesId}:checkValidCreds
 * https://bigquerydatatransfer.googleapis.com/v1/projects/{projectId}/transferConfigs/{transferConfigsId}:scheduleRuns

--------------------------------------------------------------------------------
Singular Collection Anti-Pattern - 5 detected:
 * https://www.googleapis.com/storage/v1/b
 * https://www.googleapis.com/storage/v1/b/{bucket}/defaultObjectAcl
 * https://www.googleapis.com/storage/v1/b/{bucket}/acl
 * https://www.googleapis.com/storage/v1/b/{bucket}/o
 * https://www.googleapis.com/storage/v1/b/{bucket}/o/{object}/acl

--------------------------------------------------------------------------------
Missing POST Method Anti-Pattern - 27 detected:
 * https://appengine.googleapis.com/v1/apps/{appsId}/services
 * https://appengine.googleapis.com/v1/apps/{appsId}/services/{serviceName}/versions/{versionsId}/instances
 * https://www.googleapis.com/clouduseraccounts/vm_beta/projects/{project}/global/operations
 * https://www.googleapis.com/compute/v1/projects/{project}/global/snapshots
 * https://www.googleapis.com/compute/v1/projects/{project}/global/operations
 * https://www.googleapis.com/compute/v1/projects/{project}/regions/{region}/operations
 * https://www.googleapis.com/compute/v1/projects/{project}/zones/{zone}/operations
 * https://bigtableadmin.googleapis.com/v2/operations
 * https://datastore.googleapis.com/v1/projects/{projectId}/operations
 * https://storagetransfer.googleapis.com/v1/transferOperations
 * https://dataproc.googleapis.com/v1/projects/{projectId}/regions/{region}/operations
 * https://dataproc.googleapis.com/v1/projects/{projectId}/regions/{region}/jobs
 * https://genomics.googleapis.com/v1/readgroupsets
 * https://pubsub.googleapis.com/v1/projects/{projectId}/topics
 * https://pubsub.googleapis.com/v1/projects/{projectId}/subscriptions
 * https://speech.googleapis.com/v1/operations
 * https://clouddebugger.googleapis.com/v2/debugger/debuggees/{debuggeeId}/breakpoints
 * https://logging.googleapis.com/v2/folders/{foldersId}/logs
 * https://logging.googleapis.com/v2/organizations/{organizationsId}/logs
 * https://logging.googleapis.com/v2/billingAccounts/{billingAccountsId}/logs
 * https://logging.googleapis.com/v2/projects/{projectId}/logs
 * https://runtimeconfig.googleapis.com/v1/operations
 * https://ml.googleapis.com/v1/projects/{projectId}/operations
 * https://spanner.googleapis.com/v1/projects/{projectId}/instances/{instancesId}/operations
 * https://spanner.googleapis.com/v1/projects/{projectId}/instances/{instancesId}/databases/{databasesId}/operations
 * https://bigquerydatatransfer.googleapis.com/v1/projects/{projectId}/locations/{locationsId}/transferConfigs/{transferConfigsId}/runs
 * https://bigquerydatatransfer.googleapis.com/v1/projects/{projectId}/transferConfigs/{transferConfigsId}/runs

--------------------------------------------------------------------------------
Missing GET Method Anti-Pattern - 70 detected:
 * https://appengine.googleapis.com/v1/apps
 * https://www.googleapis.com/clouduseraccounts/vm_beta/projects/{project}/zones/{zone}/authorizedKeysView/{user}
 * https://www.googleapis.com/clouduseraccounts/vm_beta/projects/{project}/zones/{zone}/linuxAccountViews
 * https://www.googleapis.com/compute/v1/projects/{project}/global/snapshots/{resource}
 * https://www.googleapis.com/compute/v1/projects/{project}/global/images/{resource}
 * https://www.googleapis.com/compute/v1/projects/{project}/zones/{zone}/disks/{resource}
 * https://www.googleapis.com/compute/v1/projects/{project}/targetHttpsProxies/{targetHttpsProxy}
 * https://www.googleapis.com/compute/v1/projects/{project}/targetHttpProxies/{targetHttpProxy}
 * https://container.googleapis.com/v1/projects/{projectId}/zones/{zone}/clusters/{clusterId}/logging
 * https://container.googleapis.com/v1/projects/{projectId}/zones/{zone}/clusters/{clusterId}/locations
 * https://container.googleapis.com/v1/projects/{projectId}/zones/{zone}/clusters/{clusterId}/legacyAbac
 * https://container.googleapis.com/v1/projects/{projectId}/zones/{zone}/clusters/{clusterId}/master
 * https://container.googleapis.com/v1/projects/{projectId}/zones/{zone}/clusters/{clusterId}/monitoring
 * https://container.googleapis.com/v1/projects/{projectId}/zones/{zone}/clusters/{clusterId}/addons
 * https://container.googleapis.com/v1/projects/{projectId}/zones/{zone}/clusters/{clusterId}/resourceLabels
 * https://container.googleapis.com/v1/projects/{projectId}/zones/{zone}/clusters/{clusterId}/nodePools/{nodePoolId}/autoscaling
 * https://datastore.googleapis.com/v1/projects/{projectId}
 * https://www.googleapis.com/storage/v1/b/{destinationBucket}/o/{destinationObject}
 * https://www.googleapis.com/storage/v1/b/{sourceBucket}/o/{sourceObject}/rewriteTo/b/{destinationBucket}/o/{destinationObject}
 * https://www.googleapis.com/storage/v1/b/{sourceBucket}/o/{sourceObject}/copyTo/b/{destinationBucket}/o/{destinationObject}
 * https://www.googleapis.com/storage/v1/channels
 * https://storagetransfer.googleapis.com/v1
 * https://www.googleapis.com/bigquery/v2/projects/{projectId}/queries
 * https://dataflow.googleapis.com/v1b3/projects/{projectId}/WorkerMessages
 * https://dataflow.googleapis.com/v1b3/projects/{projectId}/templates
 * https://dataflow.googleapis.com/v1b3/projects/{projectId}/jobs/{jobId}/debug
 * https://dataflow.googleapis.com/v1b3/projects/{projectId}/jobs/{jobId}/workItems
 * https://dataflow.googleapis.com/v1b3/projects/{projectId}/locations/{location}/WorkerMessages
 * https://dataflow.googleapis.com/v1b3/projects/{projectId}/locations/{location}/templates
 * https://dataflow.googleapis.com/v1b3/projects/{projectId}/locations/{location}/jobs/{jobId}/debug
 * https://dataflow.googleapis.com/v1b3/projects/{projectId}/locations/{location}/jobs/{jobId}/workItems
 * https://genomics.googleapis.com/v1/referencesets
 * https://genomics.googleapis.com/v1/callsets
 * https://genomics.googleapis.com/v1/reads
 * https://genomics.googleapis.com/v1/readgroupsets
 * https://genomics.googleapis.com/v1/references
 * https://genomics.googleapis.com/v1/variants
 * https://genomics.googleapis.com/v1/annotations
 * https://genomics.googleapis.com/v1/annotationsets
 * https://genomics.googleapis.com/v1/variantsets
 * https://pubsub.googleapis.com/v1/projects/{projectId}/snapshots/{snapshotsId}
 * https://vision.googleapis.com/v1/images
 * https://speech.googleapis.com/v1/speech
 * https://language.googleapis.com/v1/documents
 * https://clouddebugger.googleapis.com/v2/controller/debuggees
 * https://clouddebugger.googleapis.com/v2/controller/debuggees/{debuggeeId}/breakpoints/{id}
 * https://cloudtrace.googleapis.com/v2/projects/{projectId}/traces/{tracesId}
 * https://cloudtrace.googleapis.com/v2/projects/{projectId}/traces/{tracesId}/spans/{spansId}
 * https://www.googleapis.com/deploymentmanager/v2/projects/{project}/global/deployments/{resource}
 * https://logging.googleapis.com/v2/folders/{foldersId}/logs/{logsId}
 * https://logging.googleapis.com/v2/organizations/{organizationsId}/logs/{logsId}
 * https://logging.googleapis.com/v2/entries
 * https://logging.googleapis.com/v2/billingAccounts/{billingAccountsId}/logs/{logsId}
 * https://logging.googleapis.com/v2/projects/{projectId}/logs/{logsId}
 * https://monitoring.googleapis.com/v3/projects/{projectId}
 * https://runtimeconfig.googleapis.com/v1/operations/{operationsId}
 * https://iam.googleapis.com/v1/permissions
 * https://www.googleapis.com/prediction/v1.6/projects/{project}/trainedmodels
 * https://www.googleapis.com/prediction/v1.6/projects/{project}/hostedmodels/{hostedModelName}
 * https://dlp.googleapis.com/v2beta1/content
 * https://dlp.googleapis.com/v2beta1/inspect/results/{resultsId}
 * https://oslogin.googleapis.com/v1alpha/users/{usersId}
 * https://ml.googleapis.com/v1/projects/{projectId}
 * https://servicecontrol.googleapis.com/v1/services/{serviceName}
 * https://servicemanagement.googleapis.com/v1/services/{serviceName}/consumers/{consumersId}
 * https://serviceuser.googleapis.com/v1/services
 * https://serviceuser.googleapis.com/v1/projects/{projectId}/services/{serviceName}
 * https://spanner.googleapis.com/v1/projects/{projectId}/instances/{instancesId}/databases/{databasesId}/sessions
 * https://videointelligence.googleapis.com/v1beta1/videos
 * https://bigquerydatatransfer.googleapis.com/v1/projects/{projectId}

--------------------------------------------------------------------------------
Missing DELETE Method Anti-Pattern - 18 detected:
 * https://appengine.googleapis.com/v1/apps/{appsId}
 * https://www.googleapis.com/compute/v1/projects/{project}/global/images/{resource}
 * https://www.googleapis.com/compute/v1/projects/{project}/regions/{region}/commitments/{commitment}
 * https://www.googleapis.com/compute/v1/projects/{project}/zones/{zone}/disks/{resource}
 * https://storagetransfer.googleapis.com/v1/transferJobs/{transferJobsId}
 * https://www.googleapis.com/dns/v1/projects/{project}/managedZones/{managedZone}/changes/{changeId}
 * https://www.googleapis.com/bigquery/v2/projects/{projectId}/jobs/{jobId}
 * https://www.googleapis.com/bigquery/v2/projects/{projectId}/queries/{jobId}
 * https://dataflow.googleapis.com/v1b3/projects/{projectId}/jobs/{jobId}
 * https://dataflow.googleapis.com/v1b3/projects/{projectId}/locations/{location}/jobs/{jobId}
 * https://cloudbuild.googleapis.com/v1/projects/{projectId}/builds/{id}
 * https://www.googleapis.com/deploymentmanager/v2/projects/{project}/global/deployments/{resource}
 * https://cloudkms.googleapis.com/v1/projects/{projectId}/locations/{locationsId}/keyRings/{keyRingsId}
 * https://cloudkms.googleapis.com/v1/projects/{projectId}/locations/{locationsId}/keyRings/{keyRingsId}/cryptoKeys/{cryptoKeysId}
 * https://cloudkms.googleapis.com/v1/projects/{projectId}/locations/{locationsId}/keyRings/{keyRingsId}/cryptoKeys/{cryptoKeysId}/cryptoKeyVersions/{cryptoKeyVersionsId}
 * https://ml.googleapis.com/v1/projects/{projectId}/jobs/{jobsId}
 * https://servicemanagement.googleapis.com/v1/services/{serviceName}/configs/{configId}
 * https://servicemanagement.googleapis.com/v1/services/{serviceName}/rollouts/{rolloutId}

--------------------------------------------------------------------------------
Unexpected DELETE Method Anti-Pattern - 2 detected:
 * https://www.googleapis.com/sql/v1beta4/projects/{project}/instances/{instance}/users
 * https://clouderrorreporting.googleapis.com/v1beta1/projects/{projectId}/events

--------------------------------------------------------------------------------
Only Controllers Anti-Pattern - 27 detected:
 * https://www.googleapis.com/compute/v1/projects/{project}/global/snapshots/{resource}
 * https://www.googleapis.com/compute/v1/projects/{project}/global/images/{resource}
 * https://www.googleapis.com/compute/v1/projects/{project}/zones/{zone}/disks/{resource}
 * https://www.googleapis.com/compute/v1/projects/{project}/targetHttpsProxies/{targetHttpsProxy}
 * https://www.googleapis.com/compute/v1/projects/{project}/targetHttpProxies/{targetHttpProxy}
 * https://www.googleapis.com/storage/v1/b/{destinationBucket}/o/{destinationObject}
 * https://www.googleapis.com/storage/v1/channels
 * https://dataflow.googleapis.com/v1b3/projects/{projectId}/jobs/{jobId}/debug
 * https://dataflow.googleapis.com/v1b3/projects/{projectId}/jobs/{jobId}/workItems
 * https://dataflow.googleapis.com/v1b3/projects/{projectId}/locations/{location}/jobs/{jobId}/debug
 * https://dataflow.googleapis.com/v1b3/projects/{projectId}/locations/{location}/jobs/{jobId}/workItems
 * https://genomics.googleapis.com/v1/reads
 * https://pubsub.googleapis.com/v1/projects/{projectId}/snapshots/{snapshotsId}
 * https://vision.googleapis.com/v1/images
 * https://speech.googleapis.com/v1/speech
 * https://language.googleapis.com/v1/documents
 * https://www.googleapis.com/deploymentmanager/v2/projects/{project}/global/deployments/{resource}
 * https://logging.googleapis.com/v2/entries
 * https://iam.googleapis.com/v1/permissions
 * https://www.googleapis.com/prediction/v1.6/projects/{project}/hostedmodels/{hostedModelName}
 * https://dlp.googleapis.com/v2beta1/content
 * https://dlp.googleapis.com/v2beta1/inspect/results/{resultsId}
 * https://servicecontrol.googleapis.com/v1/services/{serviceName}
 * https://servicemanagement.googleapis.com/v1/services/{serviceName}/consumers/{consumersId}
 * https://serviceuser.googleapis.com/v1/services
 * https://serviceuser.googleapis.com/v1/projects/{projectId}/services/{serviceName}
 * https://videointelligence.googleapis.com/v1beta1/videos

--------------------------------------------------------------------------------
Not Verb Controller Anti-Pattern - 2 detected:
 * https://bigtableadmin.googleapis.com/v2/projects/{projectId}/instances/{instancesId}/tables/{tablesId}:dropRowRange
 * https://dataflow.googleapis.com/v1b3/projects/{projectId}/jobs:aggregated

--------------------------------------------------------------------------------
Create Verb Controller Anti-Pattern - 2 detected:
 * https://dataproc.googleapis.com/v1/projects/{projectId}/regions/{region}/jobs:submit
 * https://clouddebugger.googleapis.com/v2/controller/debuggees/register

--------------------------------------------------------------------------------
Retrieve Verb Controller Anti-Pattern - 15 detected:
 * https://dataflow.googleapis.com/v1b3/projects/{projectId}/templates:get
 * https://dataflow.googleapis.com/v1b3/projects/{projectId}/locations/{location}/templates:get
 * https://genomics.googleapis.com/v1/referencesets/search
 * https://genomics.googleapis.com/v1/callsets/search
 * https://genomics.googleapis.com/v1/reads/search
 * https://genomics.googleapis.com/v1/readgroupsets/search
 * https://genomics.googleapis.com/v1/references/search
 * https://genomics.googleapis.com/v1/variants/search
 * https://genomics.googleapis.com/v1/annotations/search
 * https://genomics.googleapis.com/v1/annotationsets/search
 * https://genomics.googleapis.com/v1/variantsets/search
 * https://logging.googleapis.com/v2/entries:list
 * https://www.googleapis.com/prediction/v1.6/projects/{project}/trainedmodels/list
 * https://dlp.googleapis.com/v2beta1/content:inspect
 * https://serviceuser.googleapis.com/v1/services:search

--------------------------------------------------------------------------------
Update Verb Controller Anti-Pattern - 2 detected:
 * https://container.googleapis.com/v1/projects/{projectId}/zones/{zone}/clusters/{clusterId}/nodePools/{nodePoolId}/update
 * https://logging.googleapis.com/v2/entries:write

--------------------------------------------------------------------------------
Delete Verb Controller Anti-Pattern - 7 detected:
 * https://container.googleapis.com/v1/projects/{projectId}/zones/{zone}/operations/{operationId}:cancel
 * https://www.googleapis.com/bigquery/v2/projects/{projectId}/jobs/{jobId}/cancel
 * https://genomics.googleapis.com/v1/operations/{operationsId}:cancel
 * https://cloudbuild.googleapis.com/v1/operations/{operationsId}:cancel
 * https://cloudbuild.googleapis.com/v1/projects/{projectId}/builds/{id}:cancel
 * https://cloudkms.googleapis.com/v1/projects/{projectId}/locations/{locationsId}/keyRings/{keyRingsId}/cryptoKeys/{cryptoKeysId}/cryptoKeyVersions/{cryptoKeyVersionsId}:destroy
 * https://ml.googleapis.com/v1/projects/{projectId}/jobs/{jobsId}:cancel

--------------------------------------------------------------------------------
Not POST Method Controller Anti-Pattern - 26 detected:
 * https://www.googleapis.com/compute/v1/projects/{project}/regions/{region}/routers/{router}/getRouterStatus
 * https://www.googleapis.com/compute/v1/projects/{project}/getXpnResources
 * https://www.googleapis.com/compute/v1/projects/{project}/getXpnHost
 * https://www.googleapis.com/storage/v1/b/{bucket}/o/{object}/iam/testPermissions
 * https://www.googleapis.com/storage/v1/b/{bucket}/iam/testPermissions
 * https://storagetransfer.googleapis.com/v1/transferJobs
 * https://dataflow.googleapis.com/v1b3/projects/{projectId}/templates:get
 * https://dataflow.googleapis.com/v1b3/projects/{projectId}/jobs:aggregated
 * https://dataflow.googleapis.com/v1b3/projects/{projectId}/locations/{location}/templates:get
 * https://pubsub.googleapis.com/v1/projects/{projectId}/topics/{topicsId}:getIamPolicy
 * https://pubsub.googleapis.com/v1/projects/{projectId}/snapshots/{snapshotsId}:getIamPolicy
 * https://pubsub.googleapis.com/v1/projects/{projectId}/subscriptions/{subscriptionsId}:getIamPolicy
 * https://translation.googleapis.com/language/translate/v2/detect
 * https://cloudtrace.googleapis.com/v2/projects/{projectId}/traces/{tracesId}:listSpans
 * https://www.googleapis.com/deploymentmanager/v2/projects/{project}/global/deployments/{resource}/getIamPolicy
 * https://www.googleapis.com/prediction/v1.6/projects/{project}/trainedmodels/{id}/analyze
 * https://www.googleapis.com/prediction/v1.6/projects/{project}/trainedmodels/list
 * https://cloudkms.googleapis.com/v1/projects/{projectId}/locations/{locationsId}/keyRings/{keyRingsId}:getIamPolicy
 * https://cloudkms.googleapis.com/v1/projects/{projectId}/locations/{locationsId}/keyRings/{keyRingsId}/cryptoKeys/{cryptoKeysId}:getIamPolicy
 * https://dlp.googleapis.com/v2beta1/inspect/results/{resultsId}/findings
 * https://ml.googleapis.com/v1/projects/{projectId}:getConfig
 * https://ml.googleapis.com/v1/projects/{projectId}/models/{modelsId}:getIamPolicy
 * https://ml.googleapis.com/v1/projects/{projectId}/jobs/{jobsId}:getIamPolicy
 * https://serviceuser.googleapis.com/v1/services:search
 * https://bigquerydatatransfer.googleapis.com/v1/projects/{projectId}/locations/{locationsId}/transferConfigs/{transferConfigsId}/runs/{runsId}/transferLogs
 * https://bigquerydatatransfer.googleapis.com/v1/projects/{projectId}/transferConfigs/{transferConfigsId}/runs/{runsId}/transferLogs

--------------------------------------------------------------------------------
More Than One Method Anti-Pattern - 2 detected:
 * https://storagetransfer.googleapis.com/v1/transferJobs
 * https://translation.googleapis.com/language/translate/v2/detect

--------------------------------------------------------------------------------
Not POST Controller Method Anti-Pattern - 26 detected:
 * GET https://www.googleapis.com/compute/v1/projects/{project}/regions/{region}/routers/{router}/getRouterStatus
 * GET https://www.googleapis.com/compute/v1/projects/{project}/getXpnResources
 * GET https://www.googleapis.com/compute/v1/projects/{project}/getXpnHost
 * GET https://www.googleapis.com/storage/v1/b/{bucket}/o/{object}/iam/testPermissions
 * GET https://www.googleapis.com/storage/v1/b/{bucket}/iam/testPermissions
 * GET https://storagetransfer.googleapis.com/v1/transferJobs
 * GET https://dataflow.googleapis.com/v1b3/projects/{projectId}/templates:get
 * GET https://dataflow.googleapis.com/v1b3/projects/{projectId}/jobs:aggregated
 * GET https://dataflow.googleapis.com/v1b3/projects/{projectId}/locations/{location}/templates:get
 * GET https://pubsub.googleapis.com/v1/projects/{projectId}/topics/{topicsId}:getIamPolicy
 * GET https://pubsub.googleapis.com/v1/projects/{projectId}/snapshots/{snapshotsId}:getIamPolicy
 * GET https://pubsub.googleapis.com/v1/projects/{projectId}/subscriptions/{subscriptionsId}:getIamPolicy
 * GET https://translation.googleapis.com/language/translate/v2/detect
 * GET https://cloudtrace.googleapis.com/v2/projects/{projectId}/traces/{tracesId}:listSpans
 * GET https://www.googleapis.com/deploymentmanager/v2/projects/{project}/global/deployments/{resource}/getIamPolicy
 * GET https://www.googleapis.com/prediction/v1.6/projects/{project}/trainedmodels/{id}/analyze
 * GET https://www.googleapis.com/prediction/v1.6/projects/{project}/trainedmodels/list
 * GET https://cloudkms.googleapis.com/v1/projects/{projectId}/locations/{locationsId}/keyRings/{keyRingsId}:getIamPolicy
 * GET https://cloudkms.googleapis.com/v1/projects/{projectId}/locations/{locationsId}/keyRings/{keyRingsId}/cryptoKeys/{cryptoKeysId}:getIamPolicy
 * GET https://dlp.googleapis.com/v2beta1/inspect/results/{resultsId}/findings
 * GET https://ml.googleapis.com/v1/projects/{projectId}:getConfig
 * GET https://ml.googleapis.com/v1/projects/{projectId}/models/{modelsId}:getIamPolicy
 * GET https://ml.googleapis.com/v1/projects/{projectId}/jobs/{jobsId}:getIamPolicy
 * GET https://serviceuser.googleapis.com/v1/services:search
 * GET https://bigquerydatatransfer.googleapis.com/v1/projects/{projectId}/locations/{locationsId}/transferConfigs/{transferConfigsId}/runs/{runsId}/transferLogs
 * GET https://bigquerydatatransfer.googleapis.com/v1/projects/{projectId}/transferConfigs/{transferConfigsId}/runs/{runsId}/transferLogs

--------------------------------------------------------------------------------
Untagged Resources and Controllers  - 0 detected:

